Log file open, 07/22/17 15:44:08
LogInit:Display: Running engine for game: TerraGrande
LogPlatformFile: Not using cached read wrapper
LogInit:Display: RandInit(1670018860) SRandInit(1670018860).
LogTaskGraph: Started task graph with 5 named threads and 6 total threads with 1 sets of task threads.
LogStats: Stats thread started at 0.086224
LogInit: Using libcurl 7.47.1
LogInit:  - built for x86_64-pc-win32
LogInit:  - supports SSL with OpenSSL/1.0.2g
LogInit:  - supports HTTP deflate (compression) using libz 1.2.8
LogInit:  - other features:
LogInit:      CURL_VERSION_SSL
LogInit:      CURL_VERSION_LIBZ
LogInit:      CURL_VERSION_IPV6
LogInit:      CURL_VERSION_ASYNCHDNS
LogInit:      CURL_VERSION_LARGEFILE
LogInit:      CURL_VERSION_IDN
LogInit:  CurlRequestOptions (configurable via config and command line):
LogInit:  - bVerifyPeer = false  - Libcurl will NOT verify peer certificate
LogInit:  - bUseHttpProxy = false  - Libcurl will NOT use HTTP proxy
LogInit:  - bDontReuseConnections = false  - Libcurl will reuse connections
LogInit:  - CertBundlePath = nullptr  - Libcurl will use whatever was configured at build time.
LogInit: Build: ++UE4+Release-4.15-CL-3450819
LogInit: Engine Version: 4.15.3-3450819+++UE4+Release-4.15
LogInit: Compatible Engine Version: 4.15.0-3299760+++UE4+Release-4.15
LogInit: Net CL: 3299760
LogDevObjectVersion: Number of dev versions registered: 14
LogDevObjectVersion:   Dev-Blueprints (B0D832E4-1F89-4F0D-ACCF-7EB736FD4AA2): 8
LogDevObjectVersion:   Dev-Build (E1C64328-A22C-4D53-A36C-8E866417BD8C): 0
LogDevObjectVersion:   Dev-Core (375EC13C-06E4-48FB-B500-84F0262A717E): 2
LogDevObjectVersion:   Dev-Editor (E4B068ED-F494-42E9-A231-DA0B2E46BB41): 14
LogDevObjectVersion:   Dev-Framework (CFFC743F-43B0-4480-9391-14DF171D2073): 22
LogDevObjectVersion:   Dev-Mobile (B02B49B5-BB20-44E9-A304-32B752E40360): 0
LogDevObjectVersion:   Dev-Networking (A4E4105C-59A1-49B5-A7C5-40C4547EDFEE): 0
LogDevObjectVersion:   Dev-Online (39C831C9-5AE6-47DC-9A44-9C173E1C8E7C): 0
LogDevObjectVersion:   Dev-Physics (78F01B33-EBEA-4F98-B9B4-84EACCB95AA2): 0
LogDevObjectVersion:   Dev-Platform (6631380F-2D4D-43E0-8009-CF276956A95A): 0
LogDevObjectVersion:   Dev-Rendering (12F88B9F-8875-4AFC-A67C-D90C383ABD29): 12
LogDevObjectVersion:   Dev-Sequencer (7B5AE74C-D270-4C10-A958-57980B212A5A): 3
LogDevObjectVersion:   Dev-VR (D7296918-1DD6-4BDD-9DE2-64A83CC13884): 0
LogDevObjectVersion:   Dev-LoadTimes (C2A15278-BFE7-4AFE-6C17-90FF531DF755): 1
LogInit: Compiled (64-bit): May 21 2017 11:02:34
LogInit: Compiled with Visual C++: 19.00.23026.00
LogInit: Build Configuration: Development
LogInit: Branch Name: ++UE4+Release-4.15
LogInit: Command line: -EpicPortal 
LogInit: Base directory: C:/Program Files/Epic Games/UE_4.15/Engine/Binaries/Win64/
LogInit: Installed Engine Build: 1
LogInit: Presizing for max 8388607 objects, including 0 objects not considered by GC, pre-allocating 0 bytes for permanent pool.
LogInit: Object subsystem initialized
[2017.07.22-18.44.09:854][  0]LogInit: Selected Device Profile: [Windows]
[2017.07.22-18.44.09:854][  0]LogInit: Applying CVar settings loaded from the selected device profile: [Windows]
[2017.07.22-18.44.09:902][  0]LogInit: Computer: MATHEUS-ACER
[2017.07.22-18.44.09:902][  0]LogInit: User: tethe
[2017.07.22-18.44.09:902][  0]LogInit: CPU Page size=65536, Cores=2
[2017.07.22-18.44.09:902][  0]LogInit: High frequency timer resolution =2.338336 MHz
[2017.07.22-18.44.09:902][  0]LogMemory: Memory total: Physical=7.9GB (8GB approx)
[2017.07.22-18.44.09:902][  0]LogMemory: Platform Memory Stats for Windows
[2017.07.22-18.44.09:902][  0]LogMemory: Process Physical Memory: 262.68 MB used, 262.68 MB peak
[2017.07.22-18.44.09:902][  0]LogMemory: Process Virtual Memory: 262.33 MB used, 262.33 MB peak
[2017.07.22-18.44.09:902][  0]LogMemory: Physical Memory: 5350.81 MB used,  2755.52 MB free, 8106.33 MB total
[2017.07.22-18.44.09:902][  0]LogMemory: Virtual Memory: 643.27 MB used,  2755.52 MB free, 134217728.00 MB total
[2017.07.22-18.44.11:262][  0]LogD3D11RHI: D3D11 adapters:
[2017.07.22-18.44.11:315][  0]LogD3D11RHI:    0. 'NVIDIA GeForce 820M' (Feature Level 11_0)
[2017.07.22-18.44.11:315][  0]LogD3D11RHI:       2000/0/4053 MB DedicatedVideo/DedicatedSystem/SharedSystem, Outputs:1, VendorId:0x10de
[2017.07.22-18.44.11:323][  0]LogD3D11RHI:    1. 'Intel(R) HD Graphics 5500' (Feature Level 11_0)
[2017.07.22-18.44.11:323][  0]LogD3D11RHI:       128/0/4053 MB DedicatedVideo/DedicatedSystem/SharedSystem, Outputs:0, VendorId:0x8086
[2017.07.22-18.44.11:325][  0]LogD3D11RHI:    2. 'Microsoft Basic Render Driver' (Feature Level 11_0)
[2017.07.22-18.44.11:325][  0]LogD3D11RHI:       0/0/4053 MB DedicatedVideo/DedicatedSystem/SharedSystem, Outputs:0, VendorId:0x1414
[2017.07.22-18.44.11:325][  0]LogD3D11RHI: Chosen D3D11 Adapter: 0
[2017.07.22-18.44.11:332][  0]LogD3D11RHI: Creating new Direct3DDevice
[2017.07.22-18.44.11:332][  0]LogD3D11RHI:     GPU DeviceId: 0x1140 (for the marketing name, search the web for "GPU Device Id")
[2017.07.22-18.44.11:332][  0]LogWindows: EnumDisplayDevices:
[2017.07.22-18.44.11:332][  0]LogWindows:    0. 'Intel(R) HD Graphics 5500' (P:1 D:1)
[2017.07.22-18.44.11:333][  0]LogWindows:    1. 'Intel(R) HD Graphics 5500' (P:0 D:0)
[2017.07.22-18.44.11:333][  0]LogWindows:    2. 'Intel(R) HD Graphics 5500' (P:0 D:0)
[2017.07.22-18.44.11:333][  0]LogWindows: DebugString: PrimaryIsNotTheChoosenAdapter PrimaryIsNotTheChoosenAdapter PrimaryIsNotTheChoosenAdapter FoundDriverCount:0 
[2017.07.22-18.44.11:333][  0]LogD3D11RHI:     Adapter Name: NVIDIA GeForce 820M
[2017.07.22-18.44.11:333][  0]LogD3D11RHI:   Driver Version: Unknown (internal:Unknown, unified:Unknown)
[2017.07.22-18.44.11:333][  0]LogD3D11RHI:      Driver Date: Unknown
[2017.07.22-18.44.11:333][  0]LogRHI: Texture pool is 1361 MB (70% of 1945 MB)
[2017.07.22-18.44.11:369][  0]LogD3D11RHI:Warning: Timestamp queries are currently disabled on this hardware due to instability. Realtime GPU stats will not be available. You can override this behaviour by setting r.NVIDIATimestampWorkaround to 0
[2017.07.22-18.44.11:370][  0]LogD3D11RHI: Async texture creation enabled
[2017.07.22-18.44.11:394][  0]LogD3D11RHI: GPU Timing Frequency: 1000.000000 (Debug: 2 3)
[2017.07.22-18.44.11:395][  0]LogShaderCompilers: Guid format shader working directory is -6 characters bigger than the processId version (../../../../../../Users/tethe/Documents/TerraGrande/Intermediate/Shaders/WorkingDirectory/11768/).
[2017.07.22-18.44.11:395][  0]LogShaderCompilers: Cleaned the shader compiler working directory 'C:/Users/tethe/AppData/Local/Temp/UnrealShaderWorkingDir/6908375341B5239561C8578952C0882F/'.
[2017.07.22-18.44.11:395][  0]LogShaderCompilers:Display: Using Local Shader Compiler.
[2017.07.22-18.44.13:990][  0]LogTemp:Display: Loaded TP AllDesktopTargetPlatform
[2017.07.22-18.44.14:127][  0]LogTemp:Display: Loaded TP MacClientTargetPlatform
[2017.07.22-18.44.14:266][  0]LogTemp:Display: Loaded TP MacNoEditorTargetPlatform
[2017.07.22-18.44.14:411][  0]LogTemp:Display: Loaded TP MacServerTargetPlatform
[2017.07.22-18.44.14:548][  0]LogTemp:Display: Loaded TP MacTargetPlatform
[2017.07.22-18.44.14:712][  0]LogTemp:Display: Loaded TP WindowsClientTargetPlatform
[2017.07.22-18.44.14:888][  0]LogTemp:Display: Loaded TP WindowsNoEditorTargetPlatform
[2017.07.22-18.44.15:037][  0]LogTemp:Display: Loaded TP WindowsServerTargetPlatform
[2017.07.22-18.44.15:169][  0]LogTemp:Display: Loaded TP WindowsTargetPlatform
[2017.07.22-18.44.15:307][  0]LogTemp:Display: Loaded TP AndroidTargetPlatform
[2017.07.22-18.44.15:449][  0]LogTemp:Display: Loaded TP Android_ASTCTargetPlatform
[2017.07.22-18.44.15:585][  0]LogTemp:Display: Loaded TP Android_ATCTargetPlatform
[2017.07.22-18.44.15:720][  0]LogTemp:Display: Loaded TP Android_DXTTargetPlatform
[2017.07.22-18.44.15:858][  0]LogTemp:Display: Loaded TP Android_ETC1TargetPlatform
[2017.07.22-18.44.15:999][  0]LogTemp:Display: Loaded TP Android_ETC2TargetPlatform
[2017.07.22-18.44.16:271][  0]LogTemp:Display: Loaded TP Android_MultiTargetPlatform
[2017.07.22-18.44.16:271][  0]LogTemp:Display: Loaded TP Android_PVRTCTargetPlatform
[2017.07.22-18.44.16:382][  0]LogTemp:Display: Loaded TP HTML5TargetPlatform
[2017.07.22-18.44.16:612][  0]LogTemp:Display: Loaded TP IOSTargetPlatform
[2017.07.22-18.44.16:698][  0]LogTemp:Display: Loaded TP TVOSTargetPlatform
[2017.07.22-18.44.16:831][  0]LogTemp:Display: Loaded TP LinuxClientTargetPlatform
[2017.07.22-18.44.16:966][  0]LogTemp:Display: Loaded TP LinuxNoEditorTargetPlatform
[2017.07.22-18.44.17:107][  0]LogTemp:Display: Loaded TP LinuxServerTargetPlatform
[2017.07.22-18.44.17:261][  0]LogTemp:Display: Loaded TP LinuxTargetPlatform
[2017.07.22-18.44.17:261][  0]LogTargetPlatformManager:Display: Building Assets For Windows
[2017.07.22-18.44.18:914][  0]LogDerivedDataCache:Display: Max Cache Size: 512 MB
[2017.07.22-18.44.18:999][  0]LogDerivedDataCache: Loaded boot cache 0.09s 50MB C:/Users/tethe/AppData/Local/UnrealEngine/4.15/DerivedDataCache/Boot.ddc.
[2017.07.22-18.44.18:999][  0]LogDerivedDataCache:Display: Loaded Boot cache: C:/Users/tethe/AppData/Local/UnrealEngine/4.15/DerivedDataCache/Boot.ddc
[2017.07.22-18.44.18:999][  0]LogDerivedDataCache: FDerivedDataBackendGraph:  Pak pak cache file ../../../../../../Users/tethe/Documents/TerraGrande/DerivedDataCache/DDC.ddp not found, will not use a pak cache.
[2017.07.22-18.44.18:999][  0]LogDerivedDataCache: Unable to find inner node Pak for hierarchical cache Hierarchy.
[2017.07.22-18.44.18:999][  0]LogDerivedDataCache: FDerivedDataBackendGraph:  CompressedPak pak cache file ../../../../../../Users/tethe/Documents/TerraGrande/DerivedDataCache/Compressed.ddp not found, will not use a pak cache.
[2017.07.22-18.44.18:999][  0]LogDerivedDataCache: Unable to find inner node CompressedPak for hierarchical cache Hierarchy.
[2017.07.22-18.44.19:028][  0]LogDerivedDataCache:Display: Pak cache opened for reading ../../../Engine/DerivedDataCache/Compressed.ddp.
[2017.07.22-18.44.19:042][  0]LogDerivedDataCache: Using Local data cache path C:/Users/tethe/AppData/Local/UnrealEngine/Common/DerivedDataCache: Writable
[2017.07.22-18.44.19:061][  0]LogSlate: Using Freetype 2.6.0
[2017.07.22-18.44.19:062][  0]LogSlate: SlateFontCache - WITH_FREETYPE: 1, WITH_HARFBUZZ: 1
[2017.07.22-18.44.19:063][  0]LogSlate: SlateFontCache - WITH_FREETYPE: 1, WITH_HARFBUZZ: 1
[2017.07.22-18.44.19:730][  0]LogInit: Selected Device Profile: [Windows]
[2017.07.22-18.44.19:736][  0]LogContentStreaming: Texture pool size is 0.00 MB
[2017.07.22-18.44.20:210][  0]LogMeshUtilities: Using QuadricMeshReduction for automatic static mesh reduction
[2017.07.22-18.44.20:339][  0]LogSimplygon: Simplygon DLL not present - disabling.
[2017.07.22-18.44.20:467][  0]LogMeshUtilities: Using SimplygonSwarm for distributed automatic mesh merging
[2017.07.22-18.44.20:467][  0]LogMeshUtilities: No automatic skeletal mesh reduction module available
[2017.07.22-18.44.20:467][  0]LogMeshUtilities: No automatic mesh merging module available
[2017.07.22-18.44.21:499][  0]LogNetVersion: GetLocalNetworkVersion: CL: 3299760, ProjectName: terragrande, ProjectVersion: , EngineNetworkVersion: 2, GameNetworkVersion: 0, NetworkChecksum: 719185628
[2017.07.22-18.44.21:595][  0]LogAssetRegistry: FAssetRegistry took 0.0220 seconds to start up
[2017.07.22-18.44.21:841][  0]LogPackageLocalizationCache: Processed 3 localized package path(s) for 2 prioritized culture(s) in 0.173996 seconds
[2017.07.22-18.44.21:860][  0]LogUObjectArray: 32493 objects as part of root set at end of initial load.
[2017.07.22-18.44.21:860][  0]LogUObjectAllocator: 7077032 out of 0 bytes used by permanent object pool.
[2017.07.22-18.44.21:860][  0]LogUObjectArray: CloseDisregardForGC: 0/0 objects in disregard for GC pool
[2017.07.22-18.44.22:315][  0]LogInit: WinSock: version 1.1 (2.2), MaxSocks=32767, MaxUdp=65467
[2017.07.22-18.44.26:619][  0]LogTcpMessaging: Initializing TcpMessaging bridge
[2017.07.22-18.44.26:706][  0]LogUdpMessaging: Initializing bridge on interface 0.0.0.0:0 to multicast group 230.0.0.1:6666.
[2017.07.22-18.44.28:271][  0]LogMaterial: Uniform references updated for custom material expression Custom.
[2017.07.22-18.44.29:557][  0]SourceControl: Informações Controle de origem desativado
[2017.07.22-18.44.29:697][  0]SourceControl: Informações Controle de origem desativado
[2017.07.22-18.44.29:881][  0]SourceControl: Informações Controle de origem desativado
[2017.07.22-18.44.30:006][  0]SourceControl: Informações Controle de origem desativado
[2017.07.22-18.44.33:351][  0]LogEngine: Initializing Engine...
[2017.07.22-18.44.33:353][  0]LogHMD: Failed to initialize OpenVR with code 110
[2017.07.22-18.44.33:514][  0]LogStats: UGameplayTagsManager::ConstructGameplayTagTree: Construct from data asset -  0.000 s
[2017.07.22-18.44.33:514][  0]LogStats: UGameplayTagsManager::ConstructGameplayTagTree: GameplayTagTreeChangedEvent.Broadcast -  0.000 s
[2017.07.22-18.44.33:858][  0]LogAIModule: Creating AISystem for world Untitled
[2017.07.22-18.44.33:868][  0]LogInit: XAudio2 using 'Alto-falantes (Realtek High Definition Audio)' : 2 channels at 48 kHz using 32 bits per sample (channel mask 0x3)
[2017.07.22-18.44.33:887][  0]LogInit: FAudioDevice initialized.
[2017.07.22-18.44.33:922][  0]LogDerivedDataCache: Saved boot cache 0.03s 50MB C:/Users/tethe/AppData/Local/UnrealEngine/4.15/DerivedDataCache/Boot.ddc.
[2017.07.22-18.44.33:931][  0]LogInit: Texture streaming: Enabled
[2017.07.22-18.44.34:376][  0]LogEngineSessionManager: EngineSessionManager initialized
[2017.07.22-18.44.34:678][  0]LogInit: Transaction tracking system initialized
[2017.07.22-18.44.36:544][  0]BlueprintLog: New page: Carregar Editor
[2017.07.22-18.44.39:191][  0]LocalizationService: Informações Localization service is disabled
[2017.07.22-18.44.41:478][  0]LogConsoleResponse:Display: 
[2017.07.22-18.44.41:798][  0]LogCook:Display: Max memory allowance for cook 16384mb min free memory 0mb
[2017.07.22-18.44.41:798][  0]LogCook:Display: Mobile HDR setting 1
[2017.07.22-18.44.42:178][  0]LogFileCache: Scanning file cache for directory 'C:/Users/tethe/Documents/TerraGrande/Content/' took 0.03s
[2017.07.22-18.44.44:666][  0]SourceControl: Informações Controle de origem desativado
[2017.07.22-18.44.44:666][  0]Cmd: MAP LOAD FILE="../../../../../../Users/tethe/Documents/TerraGrande/Content/ThirdPersonBP/Maps/ThirdPersonExampleMap.umap" TEMPLATE=0 SHOWPROGRESS=1 FEATURELEVEL=3
[2017.07.22-18.44.44:761][  0]LightingResults: New page: Compilação de Iluminação
[2017.07.22-18.44.45:000][  0]MapCheck: New page: Verificação de Mapa
[2017.07.22-18.44.45:000][  0]LightingResults: New page: Compilação de Iluminação
[2017.07.22-18.44.49:206][  0]LogAIModule: Creating AISystem for world ThirdPersonExampleMap
[2017.07.22-18.44.49:549][  0]LogEditorServer: Finished looking for orphan Actors (0.000 secs)
[2017.07.22-18.44.49:585][  0]Cmd: MAP CHECKDEP NOCLEARLOG
[2017.07.22-18.44.50:037][  0]MapCheck: Informações Map check complete: 0 Error(s), 0 Warning(s), took 451,686ms to complete.
[2017.07.22-18.44.50:037][  0]LogFileHelpers: Loading map 'ThirdPersonExampleMap' took 5.372
[2017.07.22-18.44.51:202][  0]LogCollectionManager: Loaded 0 collections in 0.007489 seconds
[2017.07.22-18.44.51:876][  0]LogFileCache: Scanning file cache for directory 'C:/Users/tethe/Documents/TerraGrande/Saved/Collections/' took 0.01s
[2017.07.22-18.44.51:876][  0]LogFileCache: Scanning file cache for directory 'C:/Users/tethe/Documents/TerraGrande/Content/Developers/tethe/Collections/' took 0.01s
[2017.07.22-18.44.51:876][  0]LogFileCache: Scanning file cache for directory 'C:/Users/tethe/Documents/TerraGrande/Content/Collections/' took 0.01s
[2017.07.22-18.44.51:877][  0]LogCollectionManager: Rebuilt the GUID cache for 0 collections in 0.000005 seconds
[2017.07.22-18.44.51:923][  0]LogContentBrowser: Native class hierarchy populated in 0.0427 seconds. Added 2245 classes and 453 folders.
[2017.07.22-18.44.52:527][  0]LogContentBrowser: Native class hierarchy updated for 'WidgetCarousel' in 0.0011 seconds. Added 0 classes and 0 folders.
[2017.07.22-18.44.53:868][  0]LogContentBrowser: Native class hierarchy updated for 'AddContentDialog' in 0.0016 seconds. Added 0 classes and 0 folders.
[2017.07.22-18.44.54:181][  0]LogContentBrowser: Native class hierarchy updated for 'SceneOutliner' in 0.0012 seconds. Added 1 classes and 2 folders.
[2017.07.22-18.44.54:897][  0]LogCrashTracker: Crashtracker disabled due to settings.
[2017.07.22-18.44.54:995][  0]LogUObjectGlobals:Warning: Falha ao encontrar objeto “Class Nenhum.”
[2017.07.22-18.44.55:302][  0]LogContentBrowser: Native class hierarchy updated for 'HierarchicalLODOutliner' in 0.0013 seconds. Added 1 classes and 2 folders.
[2017.07.22-18.44.55:302][  0]LogLoad: (Engine Initialization) Total time: 49.69 seconds
[2017.07.22-18.44.55:302][  0]LogLoad: (Engine Initialization) Total Blueprint compile time: 0.65 seconds
[2017.07.22-18.44.55:302][  0]LogExternalProfiler: No external profilers were discovered.  External profiling features will not be available.
[2017.07.22-18.44.55:325][  0]LogWindowsTextInputMethodSystem:Display: IME system now deactivated.
[2017.07.22-18.44.55:329][  0]LogOcInput: OculusInput pre-init called
[2017.07.22-18.44.55:363][  0]LogContentStreaming: Texture pool size now 400 MB
[2017.07.22-18.44.55:368][  0]LogSlate: Took 0.001410 seconds to synchronously load lazily loaded font '../../../Engine/Content/Slate/Fonts/Roboto-Regular.ttf' (155K)
[2017.07.22-18.44.55:384][  0]LogSlate: Took 0.001063 seconds to synchronously load lazily loaded font '../../../Engine/Content/Slate/Fonts/Roboto-Bold.ttf' (160K)
[2017.07.22-18.44.55:441][  0]LogSlate: Took 0.008364 seconds to synchronously load lazily loaded font '../../../Engine/Content/Editor/Slate/Fonts/FontAwesome.ttf' (139K)
[2017.07.22-18.44.56:146][  0]LogRenderer: Reallocating scene render targets to support 856x496 NumSamples 1 (Frame:2).
[2017.07.22-18.44.57:339][  2]LogSlate: Took 0.025407 seconds to synchronously load lazily loaded font '../../../Engine/Content/Slate/Fonts/Roboto-Light.ttf' (159K)
[2017.07.22-18.44.57:609][  4]LogAssetRegistry: Asset discovery search completed in 36.0364 seconds
[2017.07.22-18.44.57:609][  4]LogCollectionManager: Rebuilt the object cache for 0 collections in 0.000010 seconds (found 0 objects)
[2017.07.22-18.44.57:609][  4]LogCollectionManager: Fixed up redirectors for 0 collections in 0.000040 seconds (updated 0 objects)
[2017.07.22-18.45.00:839][ 69]LogSlate: Took 0.000478 seconds to synchronously load lazily loaded font '../../../Engine/Content/Slate/Fonts/Roboto-Light.ttf' (159K)
[2017.07.22-18.45.51:480][278]Cmd: MAP LOAD FILE="../../../../../../Users/tethe/Documents/TerraGrande/Content/ThirdPersonBP/Maps/Ilha1.umap" TEMPLATE=0 SHOWPROGRESS=1 FEATURELEVEL=3
[2017.07.22-18.45.51:500][278]LogSlate: Took 0.000442 seconds to synchronously load lazily loaded font '../../../Engine/Content/Slate/Fonts/Roboto-Light.ttf' (159K)
[2017.07.22-18.45.51:518][278]LightingResults: New page: Compilação de Iluminação
[2017.07.22-18.45.51:523][278]LoadErrors: New page: Carregando mapa: Ilha1.umap
[2017.07.22-18.45.51:531][278]MapCheck: New page: Verificação de Mapa
[2017.07.22-18.45.51:531][278]LightingResults: New page: Compilação de Iluminação
[2017.07.22-18.45.54:149][278]LogSlate: Took 0.000785 seconds to synchronously load lazily loaded font '../../../Engine/Content/Slate/Fonts/Roboto-Regular.ttf' (155K)
[2017.07.22-18.45.54:451][278]LogAIModule: Creating AISystem for world Ilha1
[2017.07.22-18.45.56:158][278]LogEditorServer: Finished looking for orphan Actors (0.000 secs)
[2017.07.22-18.45.56:224][278]Cmd: MAP CHECKDEP NOCLEARLOG
[2017.07.22-18.45.56:513][278]MapCheck: Informações Map check complete: 0 Error(s), 0 Warning(s), took 288,283ms to complete.
[2017.07.22-18.45.56:513][278]LogFileHelpers: Loading map 'Ilha1' took 5.035
[2017.07.22-18.46.53:236][808]LogMaterial: Missing cached shader map for material M_Landscape, compiling. 
[2017.07.22-18.46.53:265][808]LogTemp:Display: Added material ShaderMap 0x00000216B99E7900 with Material 0x00000216897BBA00 to ShaderMapsBeingCompiled
[2017.07.22-18.46.53:305][808]LogTemp:Display: Kicking off shader compilation for M_Landscape, GameThreadShaderMap 0x00000216B99E7900
[2017.07.22-18.46.53:393][808]LogMaterial: 0.02 seconds spent updating 1 materials, 1 interfaces, 0 instances, 1 with static permutations.
[2017.07.22-18.46.53:401][808]LogTemp:Display: Added shader map 0x00000216B99E7900 from material 0x000002168978CA00
[2017.07.22-18.46.53:401][808]LogTemp:Display: Found existing compiling shader for material M_Landscape, linking to other GameThreadShaderMap 0x00000216B99E7900
[2017.07.22-18.46.53:510][808]LogMaterial: 0.01 seconds spent updating 1 materials, 1 interfaces, 0 instances, 1 with static permutations.
[2017.07.22-18.46.53:515][808]LogTemp:Display: Added shader map 0x00000216B99E7900 from material 0x000002168978DF00
[2017.07.22-18.46.53:515][808]LogTemp:Display: Found existing compiling shader for material M_Landscape, linking to other GameThreadShaderMap 0x00000216B99E7900
[2017.07.22-18.46.53:571][808]LogMaterial: 0.01 seconds spent updating 1 materials, 1 interfaces, 0 instances, 1 with static permutations.
[2017.07.22-18.46.53:576][808]LogTemp:Display: Added shader map 0x00000216B99E7900 from material 0x000002168978FB80
[2017.07.22-18.46.53:576][808]LogTemp:Display: Found existing compiling shader for material M_Landscape, linking to other GameThreadShaderMap 0x00000216B99E7900
[2017.07.22-18.46.53:633][808]LogMaterial: 0.01 seconds spent updating 1 materials, 1 interfaces, 0 instances, 1 with static permutations.
[2017.07.22-18.46.53:653][808]LogTexture:Display: Building textures: Texture2D_2 (G8, 128X128) - 86 MB total VRAM
[2017.07.22-18.46.55:890][856]LogTemp:Display: Finished compile of shader map 0x00000216B99E7900
[2017.07.22-18.46.55:890][856]LogTemp:Display: Shader map M_Landscape complete, GameThreadShaderMap 0x00000216B99E7900, marking material M_Landscape as finished
[2017.07.22-18.46.55:890][856]LogTemp:Display: Marking material as finished 0x00000216897BBA00
[2017.07.22-18.46.55:892][856]LogTemp:Display: Shader map M_Landscape complete, GameThreadShaderMap 0x00000216B99E7900, marking material M_Landscape as finished
[2017.07.22-18.46.55:892][856]LogTemp:Display: Marking material as finished 0x000002168978CA00
[2017.07.22-18.46.55:894][856]LogTemp:Display: Shader map M_Landscape complete, GameThreadShaderMap 0x00000216B99E7900, marking material M_Landscape as finished
[2017.07.22-18.46.55:894][856]LogTemp:Display: Marking material as finished 0x000002168978DF00
[2017.07.22-18.46.55:895][856]LogTemp:Display: Shader map M_Landscape complete, GameThreadShaderMap 0x00000216B99E7900, marking material M_Landscape as finished
[2017.07.22-18.46.55:895][856]LogTemp:Display: Marking material as finished 0x000002168978FB80
[2017.07.22-18.55.52:464][387]LogTexture:Display: Building textures: Texture2D_36 (BGRA8, 128X128) - 86 MB total VRAM
[2017.07.22-18.55.52:798][387]LogSavePackage: Save=422.29ms
[2017.07.22-18.55.52:798][387]LogSavePackage: Moving '../../../../../../Users/tethe/Documents/TerraGrande/Saved/Ilha1_Auto115BD0EBD4A5B674D4859CFA3A486FBFD.tmp' to '../../../../../../Users/tethe/Documents/TerraGrande/Saved/Autosaves/Game/ThirdPersonBP/Maps/Ilha1_Auto1.umap'
[2017.07.22-18.55.52:807][387]LogSavePackage:Display: Finished SavePackage ../../../../../../Users/tethe/Documents/TerraGrande/Saved/Autosaves/Game/ThirdPersonBP/Maps/Ilha1_Auto1.umap
[2017.07.22-18.55.52:849][387]LogFileHelpers: Editor autosave (incl. sublevels) for '/Game/ThirdPersonBP/Maps/Ilha1' took 0.887
[2017.07.22-18.55.52:849][387]LogFileHelpers: Editor autosave (incl. sublevels) for all levels took 0.887
[2017.07.22-19.00.06:870][ 19]Cmd: TRANSACTION UNDO
[2017.07.22-19.00.06:870][ 19]LogEditorTransaction: Undo Edição de Paisagem: Pintura
[2017.07.22-19.00.06:937][ 19]LogMaterial: 0.00 seconds spent updating 1 materials, 1 interfaces, 0 instances, 0 with static permutations.
[2017.07.22-19.00.06:966][ 19]LogMaterial: 0.00 seconds spent updating 1 materials, 1 interfaces, 0 instances, 0 with static permutations.
[2017.07.22-19.00.07:021][ 19]LogTexture:Display: Building textures: Texture2D_49 (BGRA8, 32X32) - 86 MB total VRAM
[2017.07.22-19.00.12:123][124]LogRenderer: Reallocating scene render targets to support 864x496 NumSamples 1 (Frame:27768).
[2017.07.22-19.00.12:189][125]LogRenderer: Reallocating scene render targets to support 968x496 NumSamples 1 (Frame:27770).
[2017.07.22-19.00.12:282][126]LogRenderer: Reallocating scene render targets to support 972x496 NumSamples 1 (Frame:27772).
[2017.07.22-19.00.12:487][127]LogRenderer: Reallocating scene render targets to support 976x496 NumSamples 1 (Frame:27774).
[2017.07.22-19.00.31:061][595]LogEditorViewport: Clicking on Actor (context menu): Landscape (Landscape)
[2017.07.22-19.00.31:837][598]Cmd: TRANSACTION UNDO
[2017.07.22-19.00.31:838][598]LogEditorTransaction: Undo Clicando nos Atores (menu de contexto)
[2017.07.22-19.00.34:155][647]Cmd: TRANSACTION UNDO
[2017.07.22-19.00.34:155][647]LogEditorTransaction: Undo Edição de Paisagem: Pintura
[2017.07.22-19.00.34:212][647]LogMaterial: 0.00 seconds spent updating 1 materials, 1 interfaces, 0 instances, 0 with static permutations.
[2017.07.22-19.00.34:213][647]LogMaterial: 0.00 seconds spent updating 1 materials, 1 interfaces, 0 instances, 0 with static permutations.
[2017.07.22-19.00.34:213][647]LogMaterial: 0.00 seconds spent updating 1 materials, 1 interfaces, 0 instances, 0 with static permutations.
[2017.07.22-19.00.34:276][647]LogTexture:Display: Building textures: Texture2D_49 (BGRA8, 32X32) - 86 MB total VRAM
[2017.07.22-19.00.34:284][647]LogMaterial: 0.00 seconds spent updating 1 materials, 1 interfaces, 0 instances, 0 with static permutations.
[2017.07.22-19.01.02:495][341]LogTexture:Display: Building textures: Texture2D_4 (BGRA8, 32X32) - 86 MB total VRAM
[2017.07.22-19.01.02:520][341]LogMaterial: 0.00 seconds spent updating 1 materials, 1 interfaces, 0 instances, 0 with static permutations.
[2017.07.22-19.01.03:674][371]Cmd: TRANSACTION UNDO
[2017.07.22-19.01.03:674][371]LogEditorTransaction: Undo Edição de Paisagem: Pintura
[2017.07.22-19.01.03:752][371]LogTexture:Display: Building textures: Texture2D_47 (BGRA8, 32X32) - 86 MB total VRAM
[2017.07.22-19.01.03:757][371]LogMaterial: 0.00 seconds spent updating 1 materials, 1 interfaces, 0 instances, 0 with static permutations.
[2017.07.22-19.01.03:890][371]LogMaterial: 0.00 seconds spent updating 1 materials, 1 interfaces, 0 instances, 1 with static permutations.
[2017.07.22-19.01.03:908][371]LogMaterial: 0.00 seconds spent updating 1 materials, 1 interfaces, 0 instances, 1 with static permutations.
[2017.07.22-19.01.03:925][371]LogMaterial: 0.00 seconds spent updating 1 materials, 1 interfaces, 0 instances, 1 with static permutations.
[2017.07.22-19.01.03:942][371]LogMaterial: 0.00 seconds spent updating 1 materials, 1 interfaces, 0 instances, 1 with static permutations.
[2017.07.22-19.01.10:106][528]Cmd: TRANSACTION UNDO
[2017.07.22-19.01.10:106][528]LogEditorTransaction: Undo Edição de Paisagem: Pintura
[2017.07.22-19.01.10:182][528]LogTexture:Display: Building textures: Texture2D_49 (BGRA8, 32X32) - 86 MB total VRAM
[2017.07.22-19.01.10:183][528]LogMaterial: 0.00 seconds spent updating 1 materials, 1 interfaces, 0 instances, 0 with static permutations.
[2017.07.22-19.01.10:184][528]LogMaterial: 0.00 seconds spent updating 1 materials, 1 interfaces, 0 instances, 0 with static permutations.
[2017.07.22-19.01.27:037][946]Cmd: TRANSACTION UNDO
[2017.07.22-19.01.27:037][946]LogEditorTransaction: Undo Edição de Paisagem: Pintura
[2017.07.22-19.01.27:083][946]LogTexture:Display: Building textures: Texture2D_47 (BGRA8, 32X32) - 86 MB total VRAM
[2017.07.22-19.01.27:084][946]LogMaterial: 0.00 seconds spent updating 1 materials, 1 interfaces, 0 instances, 0 with static permutations.
[2017.07.22-19.01.27:086][946]LogMaterial: 0.00 seconds spent updating 1 materials, 1 interfaces, 0 instances, 0 with static permutations.
[2017.07.22-19.01.27:092][946]LogTexture:Display: Building textures: Texture2D_49 (BGRA8, 32X32) - 86 MB total VRAM
[2017.07.22-19.01.27:093][946]LogMaterial: 0.00 seconds spent updating 1 materials, 1 interfaces, 0 instances, 0 with static permutations.
[2017.07.22-19.02.50:823][ 96]Cmd: TRANSACTION UNDO
[2017.07.22-19.02.50:823][ 96]LogEditorTransaction: Undo Edição de Paisagem: Nivelar
[2017.07.22-19.02.50:870][ 96]LogMaterial: 0.00 seconds spent updating 1 materials, 1 interfaces, 0 instances, 0 with static permutations.
[2017.07.22-19.02.50:878][ 96]LogTexture:Display: Building textures: Texture2D_36 (BGRA8, 128X128) - 86 MB total VRAM
[2017.07.22-19.02.50:882][ 96]LogMaterial: 0.00 seconds spent updating 1 materials, 1 interfaces, 0 instances, 0 with static permutations.
[2017.07.22-19.02.50:883][ 96]LogMaterial: 0.00 seconds spent updating 1 materials, 1 interfaces, 0 instances, 0 with static permutations.
[2017.07.22-19.02.50:883][ 96]LogMaterial: 0.00 seconds spent updating 1 materials, 1 interfaces, 0 instances, 0 with static permutations.
[2017.07.22-19.02.52:775][136]Cmd: TRANSACTION UNDO
[2017.07.22-19.02.52:775][136]LogEditorTransaction: Undo Edição de Paisagem: Nivelar
[2017.07.22-19.02.52:826][136]LogMaterial: 0.00 seconds spent updating 1 materials, 1 interfaces, 0 instances, 0 with static permutations.
[2017.07.22-19.02.52:838][136]LogMaterial: 0.00 seconds spent updating 1 materials, 1 interfaces, 0 instances, 0 with static permutations.
[2017.07.22-19.02.52:839][136]LogMaterial: 0.00 seconds spent updating 1 materials, 1 interfaces, 0 instances, 0 with static permutations.
[2017.07.22-19.02.52:840][136]LogMaterial: 0.00 seconds spent updating 1 materials, 1 interfaces, 0 instances, 0 with static permutations.
[2017.07.22-19.03.49:889][621]LogTemp: Repeting last play command: Selected Viewport
[2017.07.22-19.03.49:955][621]LogPlayLevel: PlayLevel: No blueprints needed recompiling
[2017.07.22-19.03.50:062][621]PIE: New page: Sessão de PIE : Ilha1 (22/07/2017 13:03:50)
[2017.07.22-19.03.50:114][621]LogPlayLevel: Creating play world package: /Game/ThirdPersonBP/Maps/UEDPIE_0_Ilha1
[2017.07.22-19.03.50:218][621]LogPlayLevel: PIE: StaticDuplicateObject took: (0.103875s)
[2017.07.22-19.03.50:220][621]LogAIModule: Creating AISystem for world Ilha1
[2017.07.22-19.03.50:221][621]LogPlayLevel: PIE: World Init took: (0.003144s)
[2017.07.22-19.03.50:237][621]LogPlayLevel: PIE: Created PIE world by copying editor world from /Game/ThirdPersonBP/Maps/Ilha1.Ilha1 to /Game/ThirdPersonBP/Maps/UEDPIE_0_Ilha1.Ilha1 (0.144839s)
[2017.07.22-19.03.50:388][621]LogInit: XAudio2 using 'Alto-falantes (Realtek High Definition Audio)' : 2 channels at 48 kHz using 32 bits per sample (channel mask 0x3)
[2017.07.22-19.03.50:440][621]LogInit: FAudioDevice initialized.
[2017.07.22-19.03.50:871][621]LogLoad: Game class is 'ThirdPersonGameMode_C'
[2017.07.22-19.03.51:031][621]LogWorld: Bringing World /Game/ThirdPersonBP/Maps/UEDPIE_0_Ilha1.Ilha1 up for play (max tick rate 0) at 2017.07.22-16.03.51
[2017.07.22-19.03.51:075][621]LogWorld: Bringing up level for play took: 0.048960
[2017.07.22-19.03.51:820][621]LogContentBrowser: Native class hierarchy updated for 'MovieSceneCapture' in 0.0011 seconds. Added 11 classes and 0 folders.
[2017.07.22-19.03.52:081][621]PIE: Informações Momento de início de reprodução no editor para /Game/ThirdPersonBP/Maps/UEDPIE_0_Ilha1 2,522
[2017.07.22-19.05.05:094][581]LogTemp: Repeting last play command: Selected Viewport
[2017.07.22-19.05.05:120][581]LogPlayLevel: PlayLevel: No blueprints needed recompiling
[2017.07.22-19.05.05:120][581]PIE: New page: Sessão de PIE : Ilha1 (22/07/2017 13:05:05)
[2017.07.22-19.05.05:120][581]LogPlayLevel: Creating play world package: /Game/ThirdPersonBP/Maps/UEDPIE_0_Ilha1
[2017.07.22-19.05.05:149][581]LogPlayLevel: PIE: StaticDuplicateObject took: (0.029114s)
[2017.07.22-19.05.05:151][581]LogAIModule: Creating AISystem for world Ilha1
[2017.07.22-19.05.05:152][581]LogPlayLevel: PIE: World Init took: (0.002328s)
[2017.07.22-19.05.05:152][581]LogPlayLevel: PIE: Created PIE world by copying editor world from /Game/ThirdPersonBP/Maps/Ilha1.Ilha1 to /Game/ThirdPersonBP/Maps/UEDPIE_0_Ilha1.Ilha1 (0.032132s)
[2017.07.22-19.05.05:199][581]LogInit: XAudio2 using 'Alto-falantes (Realtek High Definition Audio)' : 2 channels at 48 kHz using 32 bits per sample (channel mask 0x3)
[2017.07.22-19.05.05:224][581]LogInit: FAudioDevice initialized.
[2017.07.22-19.05.05:259][581]LogLoad: Game class is 'ThirdPersonGameMode_C'
[2017.07.22-19.05.05:264][581]LogWorld: Bringing World /Game/ThirdPersonBP/Maps/UEDPIE_0_Ilha1.Ilha1 up for play (max tick rate 0) at 2017.07.22-16.05.05
[2017.07.22-19.05.05:265][581]LogWorld: Bringing up level for play took: 0.004777
[2017.07.22-19.05.05:270][581]PIE: Informações Momento de início de reprodução no editor para /Game/ThirdPersonBP/Maps/UEDPIE_0_Ilha1 -0,29
[2017.07.22-19.06.52:447][ 34]LogTexture:Display: Building textures: Texture2D_49 (BGRA8, 32X32) - 88 MB total VRAM
[2017.07.22-19.06.52:479][ 34]LogTexture:Display: Building textures: Texture2D_36 (BGRA8, 128X128) - 88 MB total VRAM
[2017.07.22-19.06.52:486][ 34]LogTexture:Display: Building textures: Texture2D_2 (BGRA8, 32X32) - 88 MB total VRAM
[2017.07.22-19.06.52:487][ 34]LogTexture:Display: Building textures: Texture2D_25 (BGRA8, 32X32) - 88 MB total VRAM
[2017.07.22-19.06.52:516][ 34]LogTexture:Display: Building textures: Texture2D_0 (BGRA8, 32X32) - 88 MB total VRAM
[2017.07.22-19.06.52:517][ 34]LogTexture:Display: Building textures: Texture2D_31 (BGRA8, 32X32) - 88 MB total VRAM
[2017.07.22-19.06.52:519][ 34]LogTexture:Display: Building textures: Texture2D_35 (BGRA8, 32X32) - 88 MB total VRAM
[2017.07.22-19.06.52:553][ 34]LogTexture:Display: Building textures: Texture2D_47 (BGRA8, 32X32) - 88 MB total VRAM
[2017.07.22-19.06.52:555][ 34]LogTexture:Display: Building textures: Texture2D_44 (BGRA8, 32X32) - 88 MB total VRAM
[2017.07.22-19.06.52:614][ 34]LogTexture:Display: Building textures: Texture2D_3 (BGRA8, 32X32) - 88 MB total VRAM
[2017.07.22-19.06.53:016][ 34]LogSavePackage: Save=615.59ms
[2017.07.22-19.06.53:016][ 34]LogSavePackage: Moving '../../../../../../Users/tethe/Documents/TerraGrande/Saved/Ilha1_Auto27DDCE1E84B4F601C7F7F828CA2A1B2CC.tmp' to '../../../../../../Users/tethe/Documents/TerraGrande/Saved/Autosaves/Game/ThirdPersonBP/Maps/Ilha1_Auto2.umap'
[2017.07.22-19.06.53:021][ 34]LogSavePackage:Display: Finished SavePackage ../../../../../../Users/tethe/Documents/TerraGrande/Saved/Autosaves/Game/ThirdPersonBP/Maps/Ilha1_Auto2.umap
[2017.07.22-19.06.53:025][ 34]LogFileHelpers: Editor autosave (incl. sublevels) for '/Game/ThirdPersonBP/Maps/Ilha1' took 0.753
[2017.07.22-19.06.53:025][ 34]LogFileHelpers: Editor autosave (incl. sublevels) for all levels took 0.753
[2017.07.22-19.23.13:634][ 47]Cmd: OBJ SAVEPACKAGE PACKAGE="/Game/ThirdPersonBP/Maps/Ilha1" FILE="../../../../../../Users/tethe/Documents/TerraGrande/Content/ThirdPersonBP/Maps/Ilha1.umap" SILENT=true AUTOSAVING=false KEEPDIRTY=false
[2017.07.22-19.23.13:982][ 47]LogSavePackage: Save=224.32ms
[2017.07.22-19.23.13:982][ 47]LogSavePackage: Moving '../../../../../../Users/tethe/Documents/TerraGrande/Saved/Ilha106A6D12E4245C0F371F371894BB001B3.tmp' to '../../../../../../Users/tethe/Documents/TerraGrande/Content/ThirdPersonBP/Maps/Ilha1.umap'
[2017.07.22-19.23.13:991][ 47]LogSavePackage:Display: Finished SavePackage ../../../../../../Users/tethe/Documents/TerraGrande/Content/ThirdPersonBP/Maps/Ilha1.umap
[2017.07.22-19.23.14:026][ 47]LogFileHelpers: Saving map 'Ilha1' took 0.880
[2017.07.22-19.25.03:846][566]LogUProjectInfo: Found projects:
[2017.07.23-17.15.51:699][529]LogHttp:Warning: 00000216AFA77B80: request failed, libcurl error: 6 (Couldn't resolve host name)
[2017.07.23-17.15.51:699][529]LogHttp:Warning: 00000216AFA77B80: libcurl info message cache 0 (Connection 59 seems to be dead!)
[2017.07.23-17.15.51:699][529]LogHttp:Warning: 00000216AFA77B80: libcurl info message cache 1 (Closing connection 59)
[2017.07.23-17.15.51:699][529]LogHttp:Warning: 00000216AFA77B80: libcurl info message cache 2 (Could not resolve host: datarouter.ol.epicgames.com)
[2017.07.23-17.15.51:699][529]LogHttp:Warning: 00000216AFA77B80: libcurl info message cache 3 (Closing connection 60)
[2017.07.24-01.43.19:901][546]LogHttp:Warning: 00000216AFA76F80: request failed, libcurl error: 6 (Couldn't resolve host name)
[2017.07.24-01.43.19:901][546]LogHttp:Warning: 00000216AFA76F80: libcurl info message cache 0 (Found bundle for host datarouter.ol.epicgames.com: 0x216a92648b0 [can pipeline])
[2017.07.24-01.43.19:901][546]LogHttp:Warning: 00000216AFA76F80: libcurl info message cache 1 (Re-using existing connection! (#100) with host datarouter.ol.epicgames.com)
[2017.07.24-01.43.19:901][546]LogHttp:Warning: 00000216AFA76F80: libcurl info message cache 2 (Connected to datarouter.ol.epicgames.com (34.224.134.130) port 443 (#100))
[2017.07.24-01.43.19:901][546]LogHttp:Warning: 00000216AFA76F80: libcurl info message cache 3 (SSL read: error:00000000:lib(0):func(0):reason(0), errno 10054)
[2017.07.24-01.43.19:901][546]LogHttp:Warning: 00000216AFA76F80: libcurl info message cache 4 (Connection died, retrying a fresh connect)
[2017.07.24-01.43.19:901][546]LogHttp:Warning: 00000216AFA76F80: libcurl info message cache 5 (Closing connection 100)
[2017.07.24-01.43.19:902][546]LogHttp:Warning: 00000216AFA76F80: libcurl info message cache 6 (Issue another request to this URL: 'https://datarouter.ol.epicgames.com/datarouter/api/v1/public/data?SessionID=%7B07D47E23-44B8-4933-A4BA-C2904F70FD17%7D&AppID=UEEditor.Rocket.Release&AppVersion=4.15.3-3450819%2B%2B%2BUE4%2BRelease-4.15&UserID=c18e5ec04a28a604ea3e55b737c1c602%7C76897619de5747a481085d3ca853ab1d%7Cd0b8038e-f79d-4a9e-ad6c-ec08adb0c31e&AppEnvironment=datacollector-binary&UploadType=eteventstream')
[2017.07.24-01.43.19:902][546]LogHttp:Warning: 00000216AFA76F80: libcurl info message cache 7 (Could not resolve host: datarouter.ol.epicgames.com)
[2017.07.24-01.43.19:902][546]LogHttp:Warning: 00000216AFA76F80: libcurl info message cache 8 (Closing connection 101)
[2017.07.24-02.50.14:668][597]Cmd: QUIT_EDITOR
[2017.07.24-02.50.15:471][597]LogWindowsTextInputMethodSystem:Display: IME system now deactivated.
[2017.07.24-02.50.15:620][597]LogExit: Preparing to exit.
[2017.07.24-02.50.16:444][597]LogDirectoryWatcher: A directory notification for 'C:/Users/tethe/Documents/TerraGrande/Content/' was aborted.
[2017.07.24-02.50.16:731][597]LogExit: Editor shut down
[2017.07.24-02.50.16:734][597]LogExit: Transaction tracking system shut down
[2017.07.24-02.50.17:042][597]LogObj: Freed 0b from 0 cluster array pools.
[2017.07.24-02.50.17:043][597]LogExit: Object subsystem successfully closed.
[2017.07.24-02.50.17:094][597]LogD3D11RHI: Shutdown
[2017.07.24-02.50.17:094][597]LogD3D11RHI: CleanupD3DDevice
[2017.07.24-02.50.17:270][597]LogD3D11RHI: ~FD3D11DynamicRHI
[2017.07.24-02.50.17:338][597]LogModuleManager: Shutting down and abandoning module MovieSceneCapture (500)
[2017.07.24-02.50.17:343][597]LogModuleManager: Shutting down and abandoning module HierarchicalLODOutliner (498)
[2017.07.24-02.50.17:343][597]LogModuleManager: Shutting down and abandoning module CrashTracker (496)
[2017.07.24-02.50.17:343][597]LogModuleManager: Shutting down and abandoning module SceneOutliner (494)
[2017.07.24-02.50.17:343][597]LogModuleManager: Shutting down and abandoning module AddContentDialog (492)
[2017.07.24-02.50.17:349][597]LogDirectoryWatcher: A directory notification for 'C:/Program Files/Epic Games/UE_4.15/FeaturePacks/' was aborted.
[2017.07.24-02.50.17:357][597]LogModuleManager: Shutting down and abandoning module WidgetCarousel (491)
[2017.07.24-02.50.17:357][597]LogModuleManager: Shutting down and abandoning module EditorWidgets (488)
[2017.07.24-02.50.17:357][597]LogModuleManager: Shutting down and abandoning module CollectionManager (486)
[2017.07.24-02.50.17:357][597]LogDirectoryWatcher: A directory notification for 'C:/Users/tethe/Documents/TerraGrande/Content/Collections/' was aborted.
[2017.07.24-02.50.17:357][597]LogDirectoryWatcher: A directory notification for 'C:/Users/tethe/Documents/TerraGrande/Content/Developers/tethe/Collections/' was aborted.
[2017.07.24-02.50.17:358][597]LogDirectoryWatcher: A directory notification for 'C:/Users/tethe/Documents/TerraGrande/Saved/Collections/' was aborted.
[2017.07.24-02.50.17:358][597]LogModuleManager: Shutting down and abandoning module StatsViewer (484)
[2017.07.24-02.50.17:358][597]LogModuleManager: Shutting down and abandoning module FoliageEdit (482)
[2017.07.24-02.50.17:358][597]LogModuleManager: Shutting down and abandoning module LandscapeEditor (480)
[2017.07.24-02.50.17:358][597]LogModuleManager: Shutting down and abandoning module SceneDepthPickerMode (478)
[2017.07.24-02.50.17:358][597]LogModuleManager: Shutting down and abandoning module ActorPickerMode (476)
[2017.07.24-02.50.17:358][597]LogModuleManager: Shutting down and abandoning module GeometryMode (474)
[2017.07.24-02.50.17:358][597]LogModuleManager: Shutting down and abandoning module TextureAlignMode (472)
[2017.07.24-02.50.17:358][597]LogModuleManager: Shutting down and abandoning module BspMode (470)
[2017.07.24-02.50.17:358][597]LogModuleManager: Shutting down and abandoning module HardwareSurvey (468)
[2017.07.24-02.50.17:358][597]LogModuleManager: Shutting down and abandoning module SequenceRecorderSections (466)
[2017.07.24-02.50.17:358][597]LogModuleManager: Shutting down and abandoning module AutomationWorker (464)
[2017.07.24-02.50.17:358][597]LogModuleManager: Shutting down and abandoning module MatineeToLevelSequence (462)
[2017.07.24-02.50.17:358][597]LogModuleManager: Shutting down and abandoning module LevelSequenceEditor (460)
[2017.07.24-02.50.17:359][597]LogModuleManager: Shutting down and abandoning module PlacementMode (459)
[2017.07.24-02.50.17:359][597]LogModuleManager: Shutting down and abandoning module WmfMediaFactory (456)
[2017.07.24-02.50.17:359][597]LogModuleManager: Shutting down and abandoning module WmfMediaEditor (454)
[2017.07.24-02.50.17:359][597]LogModuleManager: Shutting down and abandoning module MfMediaFactory (452)
[2017.07.24-02.50.17:359][597]LogModuleManager: Shutting down and abandoning module MfMediaEditor (450)
[2017.07.24-02.50.17:359][597]LogModuleManager: Shutting down and abandoning module AvfMediaFactory (448)
[2017.07.24-02.50.17:359][597]LogModuleManager: Shutting down and abandoning module AvfMediaEditor (446)
[2017.07.24-02.50.17:359][597]LogModuleManager: Shutting down and abandoning module AndroidMediaFactory (444)
[2017.07.24-02.50.17:359][597]LogModuleManager: Shutting down and abandoning module Media (443)
[2017.07.24-02.50.17:359][597]LogModuleManager: Shutting down and abandoning module AndroidMediaEditor (440)
[2017.07.24-02.50.17:359][597]LogModuleManager: Shutting down and abandoning module CharacterAI (438)
[2017.07.24-02.50.17:359][597]LogModuleManager: Shutting down and abandoning module AudioCapture (436)
[2017.07.24-02.50.17:359][597]LogModuleManager: Shutting down and abandoning module SequenceRecorder (435)
[2017.07.24-02.50.17:359][597]LogModuleManager: Shutting down and abandoning module SmartSnapping (432)
[2017.07.24-02.50.17:359][597]LogModuleManager: Shutting down and abandoning module SessionServices (430)
[2017.07.24-02.50.17:359][597]LogModuleManager: Shutting down and abandoning module ViewportSnapping (428)
[2017.07.24-02.50.17:359][597]LogModuleManager: Shutting down and abandoning module ViewportInteraction (426)
[2017.07.24-02.50.17:359][597]LogModuleManager: Shutting down and abandoning module LogVisualizer (424)
[2017.07.24-02.50.17:359][597]LogModuleManager: Shutting down and abandoning module IntroTutorials (422)
[2017.07.24-02.50.17:359][597]LogModuleManager: Shutting down and abandoning module GameProjectGeneration (421)
[2017.07.24-02.50.17:359][597]LogModuleManager: Shutting down and abandoning module EditorLiveStreaming (418)
[2017.07.24-02.50.17:359][597]LogModuleManager: Shutting down and abandoning module IOSPlatformEditor (416)
[2017.07.24-02.50.17:359][597]LogModuleManager: Shutting down and abandoning module HTML5PlatformEditor (414)
[2017.07.24-02.50.17:359][597]LogModuleManager: Shutting down and abandoning module AndroidPlatformEditor (412)
[2017.07.24-02.50.17:359][597]LogModuleManager: Shutting down and abandoning module AndroidDeviceDetection (411)
[2017.07.24-02.50.18:360][597]LogModuleManager: Shutting down and abandoning module IOSRuntimeSettings (408)
[2017.07.24-02.50.18:360][597]LogModuleManager: Shutting down and abandoning module AndroidRuntimeSettings (406)
[2017.07.24-02.50.18:360][597]LogModuleManager: Shutting down and abandoning module InputBindingEditor (404)
[2017.07.24-02.50.18:360][597]LogModuleManager: Shutting down and abandoning module NiagaraEditor (402)
[2017.07.24-02.50.18:360][597]LogModuleManager: Shutting down and abandoning module MergeActors (400)
[2017.07.24-02.50.18:360][597]LogModuleManager: Shutting down and abandoning module SizeMap (398)
[2017.07.24-02.50.18:360][597]LogModuleManager: Shutting down and abandoning module TreeMap (396)
[2017.07.24-02.50.18:360][597]LogModuleManager: Shutting down and abandoning module ReferenceViewer (394)
[2017.07.24-02.50.18:360][597]LogModuleManager: Shutting down and abandoning module LocalizationDashboard (392)
[2017.07.24-02.50.18:360][597]LogModuleManager: Shutting down and abandoning module LocalizationService (391)
[2017.07.24-02.50.18:360][597]LogModuleManager: Shutting down and abandoning module HardwareTargeting (388)
[2017.07.24-02.50.18:360][597]LogModuleManager: Shutting down and abandoning module DeviceProfileEditor (386)
[2017.07.24-02.50.18:360][597]LogModuleManager: Shutting down and abandoning module UndoHistory (384)
[2017.07.24-02.50.18:360][597]LogModuleManager: Shutting down and abandoning module UserFeedback (382)
[2017.07.24-02.50.18:360][597]LogModuleManager: Shutting down and abandoning module XmlParser (380)
[2017.07.24-02.50.18:360][597]LogModuleManager: Shutting down and abandoning module Blutility (378)
[2017.07.24-02.50.18:360][597]LogModuleManager: Shutting down and abandoning module ProjectSettingsViewer (376)
[2017.07.24-02.50.18:360][597]LogModuleManager: Shutting down and abandoning module ProjectTargetPlatformEditor (375)
[2017.07.24-02.50.18:361][597]LogModuleManager: Shutting down and abandoning module EditorSettingsViewer (372)
[2017.07.24-02.50.18:361][597]LogModuleManager: Shutting down and abandoning module SettingsEditor (370)
[2017.07.24-02.50.18:361][597]LogModuleManager: Shutting down and abandoning module ProjectLauncher (368)
[2017.07.24-02.50.18:361][597]LogModuleManager: Shutting down and abandoning module SessionFrontend (366)
[2017.07.24-02.50.18:361][597]LogModuleManager: Shutting down and abandoning module ProfilerClient (364)
[2017.07.24-02.50.18:361][597]LogModuleManager: Shutting down and abandoning module DeviceManager (362)
[2017.07.24-02.50.18:361][597]LogModuleManager: Shutting down and abandoning module TargetDeviceServices (361)
[2017.07.24-02.50.18:404][597]LogModuleManager: Shutting down and abandoning module AutomationController (358)
[2017.07.24-02.50.18:404][597]LogModuleManager: Shutting down and abandoning module AutomationWindow (356)
[2017.07.24-02.50.18:404][597]LogModuleManager: Shutting down and abandoning module Layers (354)
[2017.07.24-02.50.18:404][597]LogModuleManager: Shutting down and abandoning module ComponentVisualizers (352)
[2017.07.24-02.50.18:404][597]LogModuleManager: Shutting down and abandoning module DetailCustomizations (350)
[2017.07.24-02.50.18:404][597]LogModuleManager: Shutting down and abandoning module PackagesDialog (348)
[2017.07.24-02.50.18:433][597]LogModuleManager: Shutting down and abandoning module Persona (346)
[2017.07.24-02.50.18:433][597]LogModuleManager: Shutting down and abandoning module AnimGraph (345)
[2017.07.24-02.50.18:433][597]LogModuleManager: Shutting down and abandoning module Kismet (342)
[2017.07.24-02.50.18:433][597]LogModuleManager: Shutting down and abandoning module GraphEditor (340)
[2017.07.24-02.50.18:434][597]LogModuleManager: Shutting down and abandoning module ClassViewer (338)
[2017.07.24-02.50.18:434][597]LogModuleManager: Shutting down and abandoning module Toolbox (336)
[2017.07.24-02.50.18:434][597]LogModuleManager: Shutting down and abandoning module ModuleUI (334)
[2017.07.24-02.50.18:434][597]LogModuleManager: Shutting down and abandoning module MovieSceneTools (332)
[2017.07.24-02.50.18:434][597]LogModuleManager: Shutting down and abandoning module OutputLog (330)
[2017.07.24-02.50.18:434][597]LogModuleManager: Shutting down and abandoning module GammaUI (328)
[2017.07.24-02.50.18:434][597]LogModuleManager: Shutting down and abandoning module Documentation (326)
[2017.07.24-02.50.18:434][597]LogModuleManager: Shutting down and abandoning module Niagara (324)
[2017.07.24-02.50.18:434][597]LogModuleManager: Shutting down and abandoning module StreamingPauseRendering (322)
[2017.07.24-02.50.18:434][597]LogModuleManager: Shutting down and abandoning module AnalyticsET (320)
[2017.07.24-02.50.18:434][597]LogModuleManager: Shutting down and abandoning module PortalServices (318)
[2017.07.24-02.50.18:434][597]LogModuleManager: Shutting down and abandoning module PortalRpc (316)
[2017.07.24-02.50.18:434][597]LogModuleManager: Shutting down and abandoning module MessagingRpc (314)
[2017.07.24-02.50.18:434][597]LogModuleManager: Shutting down and abandoning module AIModule (312)
[2017.07.24-02.50.18:434][597]LogModuleManager: Shutting down and abandoning module GameplayDebugger (311)
[2017.07.24-02.50.18:434][597]LogModuleManager: Shutting down and abandoning module AITestSuite (309)
[2017.07.24-02.50.18:434][597]LogModuleManager: Shutting down and abandoning module ProfilerService (306)
[2017.07.24-02.50.18:670][597]LogModuleManager: Shutting down and abandoning module TaskGraph (304)
[2017.07.24-02.50.18:670][597]LogModuleManager: Shutting down and abandoning module SteamVRController (302)
[2017.07.24-02.50.18:670][597]LogModuleManager: Shutting down and abandoning module SteamVR (300)
[2017.07.24-02.50.18:670][597]LogModuleManager: Shutting down and abandoning module ProceduralMeshComponentEditor (298)
[2017.07.24-02.50.18:670][597]LogModuleManager: Shutting down and abandoning module ProceduralMeshComponent (296)
[2017.07.24-02.50.18:670][597]LogModuleManager: Shutting down and abandoning module OculusLibrary (294)
[2017.07.24-02.50.18:670][597]LogModuleManager: Shutting down and abandoning module OculusInput (292)
[2017.07.24-02.50.18:670][597]LogModuleManager: Shutting down and abandoning module MobilePatchingUtils (290)
[2017.07.24-02.50.18:670][597]LogModuleManager: Shutting down and abandoning module CustomMeshComponent (288)
[2017.07.24-02.50.18:670][597]LogModuleManager: Shutting down and abandoning module CableComponent (286)
[2017.07.24-02.50.18:670][597]LogModuleManager: Shutting down and abandoning module ArchVisCharacter (284)
[2017.07.24-02.50.18:670][597]LogModuleManager: Shutting down and abandoning module MediaPlayerEditor (280)
[2017.07.24-02.50.18:670][597]LogModuleManager: Shutting down and abandoning module HTML5Networking (278)
[2017.07.24-02.50.18:670][597]LogModuleManager: Shutting down and abandoning module AlembicImporter (276)
[2017.07.24-02.50.18:670][597]LogModuleManager: Shutting down and abandoning module AlembicLibrary (275)
[2017.07.24-02.50.18:670][597]LogModuleManager: Shutting down and abandoning module GeometryCache (274)
[2017.07.24-02.50.18:670][597]LogModuleManager: Shutting down and abandoning module GeometryCacheEd (273)
[2017.07.24-02.50.18:670][597]LogModuleManager: Shutting down and abandoning module SuperSearchEditor (268)
[2017.07.24-02.50.18:670][597]LogModuleManager: Shutting down and abandoning module SuperSearch (267)
[2017.07.24-02.50.18:670][597]LogModuleManager: Shutting down and abandoning module SpeedTreeImporter (264)
[2017.07.24-02.50.18:670][597]LogModuleManager: Shutting down and abandoning module PluginBrowser (262)
[2017.07.24-02.50.18:670][597]LogModuleManager: Shutting down and abandoning module MobileLauncherProfileWizard (260)
[2017.07.24-02.50.18:671][597]LogModuleManager: Shutting down and abandoning module EpicSurvey (258)
[2017.07.24-02.50.18:671][597]LogModuleManager: Shutting down and abandoning module VisualStudioSourceCodeAccess (256)
[2017.07.24-02.50.18:671][597]LogModuleManager: Shutting down and abandoning module DesktopPlatform (255)
[2017.07.24-02.50.18:671][597]LogModuleManager: Shutting down and abandoning module UObjectPlugin (252)
[2017.07.24-02.50.18:671][597]LogModuleManager: Shutting down and abandoning module SubversionSourceControl (250)
[2017.07.24-02.50.18:671][597]LogModuleManager: Shutting down and abandoning module PerforceSourceControl (248)
[2017.07.24-02.50.18:671][597]LogModuleManager: Shutting down and abandoning module GitSourceControl (246)
[2017.07.24-02.50.18:671][597]LogModuleManager: Shutting down and abandoning module SourceControl (245)
[2017.07.24-02.50.18:671][597]LogModuleManager: Shutting down and abandoning module LightPropagationVolumeEditor (242)
[2017.07.24-02.50.18:671][597]LogModuleManager: Shutting down and abandoning module PaperTiledImporter (240)
[2017.07.24-02.50.18:671][597]LogModuleManager: Shutting down and abandoning module PaperSpriteSheetImporter (238)
[2017.07.24-02.50.18:671][597]LogModuleManager: Shutting down and abandoning module Paper2DEditor (236)
[2017.07.24-02.50.18:671][597]LogModuleManager: Shutting down and abandoning module MeshPaint (235)
[2017.07.24-02.50.18:671][597]LogModuleManager: Shutting down and abandoning module LevelEditor (233)
[2017.07.24-02.50.18:675][597]LogModuleManager: Shutting down and abandoning module PixelInspectorModule (232)
[2017.07.24-02.50.18:675][597]LogModuleManager: Shutting down and abandoning module MainFrame (230)
[2017.07.24-02.50.18:675][597]LogModuleManager: Shutting down and abandoning module HotReload (229)
[2017.07.24-02.50.18:676][597]LogModuleManager: Shutting down and abandoning module ContentBrowser (225)
[2017.07.24-02.50.18:678][597]LogModuleManager: Shutting down and abandoning module PhysXVehiclesEditor (222)
[2017.07.24-02.50.18:679][597]LogModuleManager: Shutting down and abandoning module PhysXVehicles (220)
[2017.07.24-02.50.18:679][597]LogModuleManager: Shutting down and abandoning module LocationServicesBPLibrary (218)
[2017.07.24-02.50.18:679][597]LogModuleManager: Shutting down and abandoning module UdpMessaging (216)
[2017.07.24-02.50.18:779][597]LogModuleManager: Shutting down and abandoning module TcpMessaging (214)
[2017.07.24-02.50.18:879][597]LogModuleManager: Shutting down and abandoning module GameplayTagsEditor (212)
[2017.07.24-02.50.18:879][597]LogModuleManager: Shutting down and abandoning module FacialAnimationEditor (210)
[2017.07.24-02.50.18:879][597]LogModuleManager: Shutting down and abandoning module FacialAnimation (208)
[2017.07.24-02.50.18:879][597]LogModuleManager: Shutting down and abandoning module LightPropagationVolumeRuntime (206)
[2017.07.24-02.50.18:879][597]LogModuleManager: Shutting down and abandoning module Paper2D (204)
[2017.07.24-02.50.18:879][597]LogModuleManager: Shutting down and abandoning module WindowsMoviePlayer (202)
[2017.07.24-02.50.18:880][597]LogModuleManager: Shutting down and abandoning module WmfMedia (200)
[2017.07.24-02.50.18:880][597]LogModuleManager: Shutting down and abandoning module MfMedia (198)
[2017.07.24-02.50.18:880][597]LogModuleManager: Shutting down and abandoning module MediaAssets (196)
[2017.07.24-02.50.18:880][597]LogModuleManager: Shutting down and abandoning module GameLiveStreaming (194)
[2017.07.24-02.50.18:880][597]LogModuleManager: Shutting down and abandoning module VREditor (192)
[2017.07.24-02.50.18:880][597]LogModuleManager: Shutting down and abandoning module GameplayTasksEditor (190)
[2017.07.24-02.50.18:880][597]LogModuleManager: Shutting down and abandoning module BehaviorTreeEditor (188)
[2017.07.24-02.50.18:880][597]LogModuleManager: Shutting down and abandoning module FunctionalTesting (186)
[2017.07.24-02.50.18:880][597]LogModuleManager: Shutting down and abandoning module CollisionAnalyzer (184)
[2017.07.24-02.50.18:881][597]LogModuleManager: Shutting down and abandoning module UMG (182)
[2017.07.24-02.50.18:881][597]LogModuleManager: Shutting down and abandoning module UMGEditor (181)
[2017.07.24-02.50.18:881][597]LogModuleManager: Shutting down and abandoning module Sequencer (180)
[2017.07.24-02.50.18:881][597]LogModuleManager: Shutting down and abandoning module AssetTools (178)
[2017.07.24-02.50.18:881][597]LogModuleManager: Shutting down and abandoning module MessageLog (177)
[2017.07.24-02.50.18:881][597]LogModuleManager: Shutting down and abandoning module WorkspaceMenuStructure (176)
[2017.07.24-02.50.18:881][597]LogModuleManager: Shutting down and abandoning module SlateReflector (170)
[2017.07.24-02.50.18:882][597]LogModuleManager: Shutting down and abandoning module Slate (168)
[2017.07.24-02.50.18:882][597]LogModuleManager: Shutting down and abandoning module EditorStyle (166)
[2017.07.24-02.50.18:897][597]LogModuleManager: Shutting down and abandoning module SourceCodeAccess (164)
[2017.07.24-02.50.18:897][597]LogModuleManager: Shutting down and abandoning module HeadMountedDisplay (162)
[2017.07.24-02.50.18:897][597]LogModuleManager: Shutting down and abandoning module XAudio2 (160)
[2017.07.24-02.50.18:897][597]LogModuleManager: Shutting down and abandoning module Networking (158)
[2017.07.24-02.50.18:898][597]LogModuleManager: Shutting down and abandoning module Core (154)
[2017.07.24-02.50.18:898][597]LogModuleManager: Shutting down and abandoning module AssetRegistry (152)
[2017.07.24-02.50.19:155][597]LogDirectoryWatcher: A directory notification for '../../../Engine/Content/' was aborted.
[2017.07.24-02.50.19:155][597]LogDirectoryWatcher: A directory notification for '../../../../../../Users/tethe/Documents/TerraGrande/Content/' was aborted.
[2017.07.24-02.50.19:155][597]LogDirectoryWatcher: A directory notification for '../../../Engine/Plugins/2D/Paper2D/Content/' was aborted.
[2017.07.24-02.50.19:156][597]LogModuleManager: Shutting down and abandoning module DirectoryWatcher (151)
[2017.07.24-02.50.19:162][597]LogModuleManager: Shutting down and abandoning module KismetCompiler (148)
[2017.07.24-02.50.19:162][597]LogModuleManager: Shutting down and abandoning module PhysXFormats (146)
[2017.07.24-02.50.19:162][597]LogModuleManager: Shutting down and abandoning module MeshUtilities (144)
[2017.07.24-02.50.19:162][597]LogModuleManager: Shutting down and abandoning module SimplygonSwarm (143)
[2017.07.24-02.50.19:162][597]LogModuleManager: Shutting down and abandoning module SimplygonMeshReduction (141)
[2017.07.24-02.50.19:162][597]LogModuleManager: Shutting down and abandoning module QuadricMeshReduction (139)
[2017.07.24-02.50.19:162][597]LogModuleManager: Shutting down and abandoning module PropertyEditor (137)
[2017.07.24-02.50.19:162][597]LogModuleManager: Shutting down and abandoning module DerivedDataCache (134)
[2017.07.24-02.50.19:188][597]LogDerivedDataCache: Shutdown
[2017.07.24-02.50.19:188][597]LogModuleManager: Shutting down and abandoning module TargetPlatform (132)
[2017.07.24-02.50.19:188][597]LogModuleManager: Shutting down and abandoning module VulkanShaderFormat (131)
[2017.07.24-02.50.19:188][597]LogModuleManager: Shutting down and abandoning module ShaderFormatOpenGL (129)
[2017.07.24-02.50.19:188][597]LogModuleManager: Shutting down and abandoning module ShaderFormatD3D (127)
[2017.07.24-02.50.19:188][597]LogModuleManager: Shutting down and abandoning module MetalShaderFormat (125)
[2017.07.24-02.50.19:188][597]LogModuleManager: Shutting down and abandoning module TextureFormatUncompressed (123)
[2017.07.24-02.50.19:188][597]LogModuleManager: Shutting down and abandoning module TextureFormatPVR (121)
[2017.07.24-02.50.19:188][597]LogModuleManager: Shutting down and abandoning module TextureFormatDXT (119)
[2017.07.24-02.50.19:188][597]LogModuleManager: Shutting down and abandoning module TextureFormatIntelISPCTexComp (117)
[2017.07.24-02.50.19:219][597]LogModuleManager: Shutting down and abandoning module TextureFormatASTC (115)
[2017.07.24-02.50.19:219][597]LogModuleManager: Shutting down and abandoning module ImageWrapper (114)
[2017.07.24-02.50.19:219][597]LogModuleManager: Shutting down and abandoning module TextureFormatAndroid (111)
[2017.07.24-02.50.19:219][597]LogModuleManager: Shutting down and abandoning module AudioFormatOpus (109)
[2017.07.24-02.50.19:219][597]LogModuleManager: Shutting down and abandoning module AudioFormatOgg (107)
[2017.07.24-02.50.19:219][597]LogModuleManager: Shutting down and abandoning module AudioFormatADPCM (105)
[2017.07.24-02.50.19:219][597]LogModuleManager: Shutting down and abandoning module LinuxTargetPlatform (103)
[2017.07.24-02.50.19:219][597]LogModuleManager: Shutting down and abandoning module LinuxServerTargetPlatform (101)
[2017.07.24-02.50.19:219][597]LogModuleManager: Shutting down and abandoning module LinuxNoEditorTargetPlatform (99)
[2017.07.24-02.50.19:219][597]LogModuleManager: Shutting down and abandoning module LinuxClientTargetPlatform (97)
[2017.07.24-02.50.19:219][597]LogModuleManager: Shutting down and abandoning module TVOSTargetPlatform (95)
[2017.07.24-02.50.19:219][597]LogModuleManager: Shutting down and abandoning module Messaging (93)
[2017.07.24-02.50.19:220][597]LogModuleManager: Shutting down and abandoning module IOSTargetPlatform (91)
[2017.07.24-02.50.19:220][597]LogModuleManager: Shutting down and abandoning module HTML5TargetPlatform (89)
[2017.07.24-02.50.19:220][597]LogModuleManager: Shutting down and abandoning module Android_PVRTCTargetPlatform (87)
[2017.07.24-02.50.19:220][597]LogModuleManager: Shutting down and abandoning module Android_MultiTargetPlatform (85)
[2017.07.24-02.50.19:220][597]LogModuleManager: Shutting down and abandoning module Android_ETC2TargetPlatform (83)
[2017.07.24-02.50.19:220][597]LogModuleManager: Shutting down and abandoning module Android_ETC1TargetPlatform (81)
[2017.07.24-02.50.19:220][597]LogModuleManager: Shutting down and abandoning module Android_DXTTargetPlatform (79)
[2017.07.24-02.50.19:220][597]LogModuleManager: Shutting down and abandoning module Android_ATCTargetPlatform (77)
[2017.07.24-02.50.19:220][597]LogModuleManager: Shutting down and abandoning module Android_ASTCTargetPlatform (75)
[2017.07.24-02.50.19:220][597]LogModuleManager: Shutting down and abandoning module AndroidTargetPlatform (73)
[2017.07.24-02.50.19:220][597]LogModuleManager: Shutting down and abandoning module WindowsTargetPlatform (71)
[2017.07.24-02.50.19:220][597]LogModuleManager: Shutting down and abandoning module WindowsServerTargetPlatform (69)
[2017.07.24-02.50.19:220][597]LogModuleManager: Shutting down and abandoning module WindowsNoEditorTargetPlatform (67)
[2017.07.24-02.50.19:220][597]LogModuleManager: Shutting down and abandoning module WindowsClientTargetPlatform (65)
[2017.07.24-02.50.19:220][597]LogModuleManager: Shutting down and abandoning module MacTargetPlatform (63)
[2017.07.24-02.50.19:220][597]LogModuleManager: Shutting down and abandoning module MacServerTargetPlatform (61)
[2017.07.24-02.50.19:220][597]LogModuleManager: Shutting down and abandoning module MacNoEditorTargetPlatform (59)
[2017.07.24-02.50.19:220][597]LogModuleManager: Shutting down and abandoning module MacClientTargetPlatform (57)
[2017.07.24-02.50.19:220][597]LogModuleManager: Shutting down and abandoning module AllDesktopTargetPlatform (55)
[2017.07.24-02.50.19:220][597]LogModuleManager: Shutting down and abandoning module InputCore (52)
[2017.07.24-02.50.19:220][597]LogModuleManager: Shutting down and abandoning module Settings (50)
[2017.07.24-02.50.19:220][597]LogModuleManager: Shutting down and abandoning module OculusRift (48)
[2017.07.24-02.50.19:220][597]LogModuleManager: Shutting down and abandoning module GearVR (46)
[2017.07.24-02.50.19:220][597]LogModuleManager: Shutting down and abandoning module ExampleDeviceProfileSelector (44)
[2017.07.24-02.50.19:220][597]LogModuleManager: Shutting down and abandoning module OnlineBlueprintSupport (42)
[2017.07.24-02.50.19:220][597]LogModuleManager: Shutting down and abandoning module OnlineSubsystem (38)
[2017.07.24-02.50.19:220][597]LogOnline:Display: Unloading online subsystem: NULL
[2017.07.24-02.50.19:221][597]LogModuleManager: Shutting down and abandoning module XMPP (37)
[2017.07.24-02.50.19:221][597]LogModuleManager: Shutting down and abandoning module HTTP (35)
[2017.07.24-02.50.19:221][597]LogHttp:Display: Http module shutting down, but needs to wait on 1 outstanding Http requests:
[2017.07.24-02.50.19:221][597]LogHttp:Display: 	verb=[POST] url=[https://datarouter.ol.epicgames.com/datarouter/api/v1/public/data?SessionID=%7B07D47E23-44B8-4933-A4BA-C2904F70FD17%7D&AppID=UEEditor.Rocket.Release&AppVersion=4.15.3-3450819%2B%2B%2BUE4%2BRelease-4.15&UserID=c18e5ec04a28a604ea3e55b737c1c602%7C76897619de5747a481085d3ca853ab1d%7Cd0b8038e-f79d-4a9e-ad6c-ec08adb0c31e&AppEnvironment=datacollector-binary&UploadType=eteventstream] status=Processing
[2017.07.24-02.50.19:240][597]LogModuleManager: Shutting down and abandoning module SSL (34)
[2017.07.24-02.50.19:245][597]LogModuleManager: Shutting down and abandoning module AudioEditor (30)
[2017.07.24-02.50.19:245][597]LogModuleManager: Shutting down and abandoning module TextureCompressor (28)
[2017.07.24-02.50.19:245][597]LogModuleManager: Shutting down and abandoning module ShaderCore (26)
[2017.07.24-02.50.19:245][597]LogModuleManager: Shutting down and abandoning module Landscape (24)
[2017.07.24-02.50.19:245][597]LogModuleManager: Shutting down and abandoning module SlateRHIRenderer (22)
[2017.07.24-02.50.19:276][597]LogModuleManager: Shutting down and abandoning module OpenGLDrv (20)
[2017.07.24-02.50.19:276][597]LogModuleManager: Shutting down and abandoning module D3D11RHI (18)
[2017.07.24-02.50.19:276][597]LogModuleManager: Shutting down and abandoning module AnimGraphRuntime (16)
[2017.07.24-02.50.19:277][597]LogModuleManager: Shutting down and abandoning module Renderer (14)
[2017.07.24-02.50.19:277][597]LogModuleManager: Shutting down and abandoning module Engine (12)
[2017.07.24-02.50.19:277][597]LogModuleManager: Shutting down and abandoning module CoreUObject (10)
[2017.07.24-02.50.19:277][597]LogModuleManager: Shutting down and abandoning module NetworkFile (8)
[2017.07.24-02.50.19:277][597]LogModuleManager: Shutting down and abandoning module StreamingFile (6)
[2017.07.24-02.50.19:277][597]LogModuleManager: Shutting down and abandoning module SandboxFile (4)
[2017.07.24-02.50.19:277][597]LogModuleManager: Shutting down and abandoning module PakFile (2)
[2017.07.24-02.50.19:280][597]LogExit: Exiting.
[2017.07.24-02.50.19:299][597]Log file closed, 07/23/17 23:50:19
