Log file open, 07/25/17 15:02:53
LogInit:Display: Running engine for game: TerraGrande
LogPlatformFile: Not using cached read wrapper
LogInit:Display: RandInit(856566975) SRandInit(856566975).
LogTaskGraph: Started task graph with 5 named threads and 6 total threads with 1 sets of task threads.
LogStats: Stats thread started at 0.077142
LogInit: Using libcurl 7.47.1
LogInit:  - built for x86_64-pc-win32
LogInit:  - supports SSL with OpenSSL/1.0.2g
LogInit:  - supports HTTP deflate (compression) using libz 1.2.8
LogInit:  - other features:
LogInit:      CURL_VERSION_SSL
LogInit:      CURL_VERSION_LIBZ
LogInit:      CURL_VERSION_IPV6
LogInit:      CURL_VERSION_ASYNCHDNS
LogInit:      CURL_VERSION_LARGEFILE
LogInit:      CURL_VERSION_IDN
LogInit:  CurlRequestOptions (configurable via config and command line):
LogInit:  - bVerifyPeer = false  - Libcurl will NOT verify peer certificate
LogInit:  - bUseHttpProxy = false  - Libcurl will NOT use HTTP proxy
LogInit:  - bDontReuseConnections = false  - Libcurl will reuse connections
LogInit:  - CertBundlePath = nullptr  - Libcurl will use whatever was configured at build time.
LogInit: Build: ++UE4+Release-4.15-CL-3450819
LogInit: Engine Version: 4.15.3-3450819+++UE4+Release-4.15
LogInit: Compatible Engine Version: 4.15.0-3299760+++UE4+Release-4.15
LogInit: Net CL: 3299760
LogDevObjectVersion: Number of dev versions registered: 14
LogDevObjectVersion:   Dev-Blueprints (B0D832E4-1F89-4F0D-ACCF-7EB736FD4AA2): 8
LogDevObjectVersion:   Dev-Build (E1C64328-A22C-4D53-A36C-8E866417BD8C): 0
LogDevObjectVersion:   Dev-Core (375EC13C-06E4-48FB-B500-84F0262A717E): 2
LogDevObjectVersion:   Dev-Editor (E4B068ED-F494-42E9-A231-DA0B2E46BB41): 14
LogDevObjectVersion:   Dev-Framework (CFFC743F-43B0-4480-9391-14DF171D2073): 22
LogDevObjectVersion:   Dev-Mobile (B02B49B5-BB20-44E9-A304-32B752E40360): 0
LogDevObjectVersion:   Dev-Networking (A4E4105C-59A1-49B5-A7C5-40C4547EDFEE): 0
LogDevObjectVersion:   Dev-Online (39C831C9-5AE6-47DC-9A44-9C173E1C8E7C): 0
LogDevObjectVersion:   Dev-Physics (78F01B33-EBEA-4F98-B9B4-84EACCB95AA2): 0
LogDevObjectVersion:   Dev-Platform (6631380F-2D4D-43E0-8009-CF276956A95A): 0
LogDevObjectVersion:   Dev-Rendering (12F88B9F-8875-4AFC-A67C-D90C383ABD29): 12
LogDevObjectVersion:   Dev-Sequencer (7B5AE74C-D270-4C10-A958-57980B212A5A): 3
LogDevObjectVersion:   Dev-VR (D7296918-1DD6-4BDD-9DE2-64A83CC13884): 0
LogDevObjectVersion:   Dev-LoadTimes (C2A15278-BFE7-4AFE-6C17-90FF531DF755): 1
LogInit: Compiled (64-bit): May 21 2017 11:02:34
LogInit: Compiled with Visual C++: 19.00.23026.00
LogInit: Build Configuration: Development
LogInit: Branch Name: ++UE4+Release-4.15
LogInit: Command line: -EpicPortal 
LogInit: Base directory: C:/Program Files/Epic Games/UE_4.15/Engine/Binaries/Win64/
LogInit: Installed Engine Build: 1
LogInit: Presizing for max 8388607 objects, including 0 objects not considered by GC, pre-allocating 0 bytes for permanent pool.
LogInit: Object subsystem initialized
[2017.07.25-18.02.55:432][  0]LogInit: Selected Device Profile: [Windows]
[2017.07.25-18.02.55:432][  0]LogInit: Applying CVar settings loaded from the selected device profile: [Windows]
[2017.07.25-18.02.55:472][  0]LogInit: Computer: MATHEUS-ACER
[2017.07.25-18.02.55:472][  0]LogInit: User: tethe
[2017.07.25-18.02.55:472][  0]LogInit: CPU Page size=65536, Cores=2
[2017.07.25-18.02.55:472][  0]LogInit: High frequency timer resolution =2.338336 MHz
[2017.07.25-18.02.55:472][  0]LogMemory: Memory total: Physical=7.9GB (8GB approx)
[2017.07.25-18.02.55:472][  0]LogMemory: Platform Memory Stats for Windows
[2017.07.25-18.02.55:472][  0]LogMemory: Process Physical Memory: 262.64 MB used, 262.64 MB peak
[2017.07.25-18.02.55:472][  0]LogMemory: Process Virtual Memory: 262.20 MB used, 262.20 MB peak
[2017.07.25-18.02.55:472][  0]LogMemory: Physical Memory: 6487.97 MB used,  1618.36 MB free, 8106.33 MB total
[2017.07.25-18.02.55:472][  0]LogMemory: Virtual Memory: 643.27 MB used,  1618.36 MB free, 134217728.00 MB total
[2017.07.25-18.02.57:435][  0]LogD3D11RHI: D3D11 adapters:
[2017.07.25-18.02.57:537][  0]LogD3D11RHI:    0. 'NVIDIA GeForce 820M' (Feature Level 11_0)
[2017.07.25-18.02.57:538][  0]LogD3D11RHI:       2000/0/4053 MB DedicatedVideo/DedicatedSystem/SharedSystem, Outputs:1, VendorId:0x10de
[2017.07.25-18.02.57:549][  0]LogD3D11RHI:    1. 'Intel(R) HD Graphics 5500' (Feature Level 11_0)
[2017.07.25-18.02.57:549][  0]LogD3D11RHI:       128/0/4053 MB DedicatedVideo/DedicatedSystem/SharedSystem, Outputs:0, VendorId:0x8086
[2017.07.25-18.02.57:552][  0]LogD3D11RHI:    2. 'Microsoft Basic Render Driver' (Feature Level 11_0)
[2017.07.25-18.02.57:552][  0]LogD3D11RHI:       0/0/4053 MB DedicatedVideo/DedicatedSystem/SharedSystem, Outputs:0, VendorId:0x1414
[2017.07.25-18.02.57:552][  0]LogD3D11RHI: Chosen D3D11 Adapter: 0
[2017.07.25-18.02.57:564][  0]LogD3D11RHI: Creating new Direct3DDevice
[2017.07.25-18.02.57:564][  0]LogD3D11RHI:     GPU DeviceId: 0x1140 (for the marketing name, search the web for "GPU Device Id")
[2017.07.25-18.02.57:564][  0]LogWindows: EnumDisplayDevices:
[2017.07.25-18.02.57:564][  0]LogWindows:    0. 'Intel(R) HD Graphics 5500' (P:1 D:1)
[2017.07.25-18.02.57:564][  0]LogWindows:    1. 'Intel(R) HD Graphics 5500' (P:0 D:0)
[2017.07.25-18.02.57:565][  0]LogWindows:    2. 'Intel(R) HD Graphics 5500' (P:0 D:0)
[2017.07.25-18.02.57:565][  0]LogWindows: DebugString: PrimaryIsNotTheChoosenAdapter PrimaryIsNotTheChoosenAdapter PrimaryIsNotTheChoosenAdapter FoundDriverCount:0 
[2017.07.25-18.02.57:565][  0]LogD3D11RHI:     Adapter Name: NVIDIA GeForce 820M
[2017.07.25-18.02.57:565][  0]LogD3D11RHI:   Driver Version: Unknown (internal:Unknown, unified:Unknown)
[2017.07.25-18.02.57:565][  0]LogD3D11RHI:      Driver Date: Unknown
[2017.07.25-18.02.57:565][  0]LogRHI: Texture pool is 1361 MB (70% of 1945 MB)
[2017.07.25-18.02.57:614][  0]LogD3D11RHI:Warning: Timestamp queries are currently disabled on this hardware due to instability. Realtime GPU stats will not be available. You can override this behaviour by setting r.NVIDIATimestampWorkaround to 0
[2017.07.25-18.02.57:616][  0]LogD3D11RHI: Async texture creation enabled
[2017.07.25-18.02.57:633][  0]LogD3D11RHI: GPU Timing Frequency: 1000.000000 (Debug: 2 1)
[2017.07.25-18.02.57:634][  0]LogShaderCompilers: Guid format shader working directory is -6 characters bigger than the processId version (../../../../../../Users/tethe/Documents/TerraGrande/Intermediate/Shaders/WorkingDirectory/11424/).
[2017.07.25-18.02.57:635][  0]LogShaderCompilers: Cleaned the shader compiler working directory 'C:/Users/tethe/AppData/Local/Temp/UnrealShaderWorkingDir/517AC2344C3952E9E093E3975E45476A/'.
[2017.07.25-18.02.57:635][  0]LogShaderCompilers:Display: Using Local Shader Compiler.
[2017.07.25-18.03.00:399][  0]LogTemp:Display: Loaded TP AllDesktopTargetPlatform
[2017.07.25-18.03.00:540][  0]LogTemp:Display: Loaded TP MacClientTargetPlatform
[2017.07.25-18.03.00:704][  0]LogTemp:Display: Loaded TP MacNoEditorTargetPlatform
[2017.07.25-18.03.01:040][  0]LogTemp:Display: Loaded TP MacServerTargetPlatform
[2017.07.25-18.03.01:187][  0]LogTemp:Display: Loaded TP MacTargetPlatform
[2017.07.25-18.03.01:327][  0]LogTemp:Display: Loaded TP WindowsClientTargetPlatform
[2017.07.25-18.03.01:463][  0]LogTemp:Display: Loaded TP WindowsNoEditorTargetPlatform
[2017.07.25-18.03.01:599][  0]LogTemp:Display: Loaded TP WindowsServerTargetPlatform
[2017.07.25-18.03.01:800][  0]LogTemp:Display: Loaded TP WindowsTargetPlatform
[2017.07.25-18.03.01:949][  0]LogTemp:Display: Loaded TP AndroidTargetPlatform
[2017.07.25-18.03.02:082][  0]LogTemp:Display: Loaded TP Android_ASTCTargetPlatform
[2017.07.25-18.03.02:232][  0]LogTemp:Display: Loaded TP Android_ATCTargetPlatform
[2017.07.25-18.03.02:444][  0]LogTemp:Display: Loaded TP Android_DXTTargetPlatform
[2017.07.25-18.03.02:644][  0]LogTemp:Display: Loaded TP Android_ETC1TargetPlatform
[2017.07.25-18.03.02:828][  0]LogTemp:Display: Loaded TP Android_ETC2TargetPlatform
[2017.07.25-18.03.03:160][  0]LogTemp:Display: Loaded TP Android_MultiTargetPlatform
[2017.07.25-18.03.03:160][  0]LogTemp:Display: Loaded TP Android_PVRTCTargetPlatform
[2017.07.25-18.03.03:343][  0]LogTemp:Display: Loaded TP HTML5TargetPlatform
[2017.07.25-18.03.03:706][  0]LogTemp:Display: Loaded TP IOSTargetPlatform
[2017.07.25-18.03.03:828][  0]LogTemp:Display: Loaded TP TVOSTargetPlatform
[2017.07.25-18.03.04:009][  0]LogTemp:Display: Loaded TP LinuxClientTargetPlatform
[2017.07.25-18.03.04:511][  0]LogTemp:Display: Loaded TP LinuxNoEditorTargetPlatform
[2017.07.25-18.03.04:725][  0]LogTemp:Display: Loaded TP LinuxServerTargetPlatform
[2017.07.25-18.03.04:924][  0]LogTemp:Display: Loaded TP LinuxTargetPlatform
[2017.07.25-18.03.04:924][  0]LogTargetPlatformManager:Display: Building Assets For Windows
[2017.07.25-18.03.06:346][  0]LogDerivedDataCache:Display: Max Cache Size: 512 MB
[2017.07.25-18.03.06:412][  0]LogDerivedDataCache: Loaded boot cache 0.07s 50MB C:/Users/tethe/AppData/Local/UnrealEngine/4.15/DerivedDataCache/Boot.ddc.
[2017.07.25-18.03.06:412][  0]LogDerivedDataCache:Display: Loaded Boot cache: C:/Users/tethe/AppData/Local/UnrealEngine/4.15/DerivedDataCache/Boot.ddc
[2017.07.25-18.03.06:413][  0]LogDerivedDataCache: FDerivedDataBackendGraph:  Pak pak cache file ../../../../../../Users/tethe/Documents/TerraGrande/DerivedDataCache/DDC.ddp not found, will not use a pak cache.
[2017.07.25-18.03.06:413][  0]LogDerivedDataCache: Unable to find inner node Pak for hierarchical cache Hierarchy.
[2017.07.25-18.03.06:413][  0]LogDerivedDataCache: FDerivedDataBackendGraph:  CompressedPak pak cache file ../../../../../../Users/tethe/Documents/TerraGrande/DerivedDataCache/Compressed.ddp not found, will not use a pak cache.
[2017.07.25-18.03.06:413][  0]LogDerivedDataCache: Unable to find inner node CompressedPak for hierarchical cache Hierarchy.
[2017.07.25-18.03.06:436][  0]LogDerivedDataCache:Display: Pak cache opened for reading ../../../Engine/DerivedDataCache/Compressed.ddp.
[2017.07.25-18.03.06:449][  0]LogDerivedDataCache: Using Local data cache path C:/Users/tethe/AppData/Local/UnrealEngine/Common/DerivedDataCache: Writable
[2017.07.25-18.03.06:462][  0]LogSlate: Using Freetype 2.6.0
[2017.07.25-18.03.06:463][  0]LogSlate: SlateFontCache - WITH_FREETYPE: 1, WITH_HARFBUZZ: 1
[2017.07.25-18.03.06:463][  0]LogSlate: SlateFontCache - WITH_FREETYPE: 1, WITH_HARFBUZZ: 1
[2017.07.25-18.03.07:002][  0]LogInit: Selected Device Profile: [Windows]
[2017.07.25-18.03.07:007][  0]LogContentStreaming: Texture pool size is 0.00 MB
[2017.07.25-18.03.07:500][  0]LogMeshUtilities: Using QuadricMeshReduction for automatic static mesh reduction
[2017.07.25-18.03.07:614][  0]LogSimplygon: Simplygon DLL not present - disabling.
[2017.07.25-18.03.07:743][  0]LogMeshUtilities: Using SimplygonSwarm for distributed automatic mesh merging
[2017.07.25-18.03.07:743][  0]LogMeshUtilities: No automatic skeletal mesh reduction module available
[2017.07.25-18.03.07:743][  0]LogMeshUtilities: No automatic mesh merging module available
[2017.07.25-18.03.09:029][  0]LogNetVersion: GetLocalNetworkVersion: CL: 3299760, ProjectName: terragrande, ProjectVersion: , EngineNetworkVersion: 2, GameNetworkVersion: 0, NetworkChecksum: 719185628
[2017.07.25-18.03.09:120][  0]LogAssetRegistry: FAssetRegistry took 0.0214 seconds to start up
[2017.07.25-18.03.10:208][  0]LogPackageLocalizationCache: Processed 3 localized package path(s) for 2 prioritized culture(s) in 0.986993 seconds
[2017.07.25-18.03.10:226][  0]LogUObjectArray: 32493 objects as part of root set at end of initial load.
[2017.07.25-18.03.10:226][  0]LogUObjectAllocator: 7077032 out of 0 bytes used by permanent object pool.
[2017.07.25-18.03.10:226][  0]LogUObjectArray: CloseDisregardForGC: 0/0 objects in disregard for GC pool
[2017.07.25-18.03.10:607][  0]LogInit: WinSock: version 1.1 (2.2), MaxSocks=32767, MaxUdp=65467
[2017.07.25-18.03.18:438][  0]LogTcpMessaging: Initializing TcpMessaging bridge
[2017.07.25-18.03.18:590][  0]LogUdpMessaging: Initializing bridge on interface 0.0.0.0:0 to multicast group 230.0.0.1:6666.
[2017.07.25-18.03.20:308][  0]LogMaterial: Uniform references updated for custom material expression Custom.
[2017.07.25-18.03.21:624][  0]SourceControl: Informações Controle de origem desativado
[2017.07.25-18.03.21:745][  0]SourceControl: Informações Controle de origem desativado
[2017.07.25-18.03.21:867][  0]SourceControl: Informações Controle de origem desativado
[2017.07.25-18.03.22:092][  0]SourceControl: Informações Controle de origem desativado
[2017.07.25-18.03.27:076][  0]LogEngine: Initializing Engine...
[2017.07.25-18.03.27:077][  0]LogHMD: Failed to initialize OpenVR with code 110
[2017.07.25-18.03.27:283][  0]LogStats: UGameplayTagsManager::ConstructGameplayTagTree: Construct from data asset -  0.000 s
[2017.07.25-18.03.27:283][  0]LogStats: UGameplayTagsManager::ConstructGameplayTagTree: GameplayTagTreeChangedEvent.Broadcast -  0.000 s
[2017.07.25-18.03.27:816][  0]LogAIModule: Creating AISystem for world Untitled
[2017.07.25-18.03.27:830][  0]LogInit: XAudio2 using 'Alto-falantes (Realtek High Definition Audio)' : 2 channels at 48 kHz using 32 bits per sample (channel mask 0x3)
[2017.07.25-18.03.27:857][  0]LogInit: FAudioDevice initialized.
[2017.07.25-18.03.27:899][  0]LogDerivedDataCache: Saved boot cache 0.04s 50MB C:/Users/tethe/AppData/Local/UnrealEngine/4.15/DerivedDataCache/Boot.ddc.
[2017.07.25-18.03.27:911][  0]LogInit: Texture streaming: Enabled
[2017.07.25-18.03.28:416][  0]LogEngineSessionManager: EngineSessionManager initialized
[2017.07.25-18.03.28:761][  0]LogInit: Transaction tracking system initialized
[2017.07.25-18.03.30:275][  0]BlueprintLog: New page: Carregar Editor
[2017.07.25-18.03.34:455][  0]LocalizationService: Informações Localization service is disabled
[2017.07.25-18.03.37:826][  0]LogConsoleResponse:Display: 
[2017.07.25-18.03.38:197][  0]LogCook:Display: Max memory allowance for cook 16384mb min free memory 0mb
[2017.07.25-18.03.38:197][  0]LogCook:Display: Mobile HDR setting 1
[2017.07.25-18.03.39:152][  0]LogFileCache: Scanning file cache for directory 'C:/Users/tethe/Documents/TerraGrande/Content/' took 0.05s
[2017.07.25-18.03.42:067][  0]SourceControl: Informações Controle de origem desativado
[2017.07.25-18.03.42:067][  0]Cmd: MAP LOAD FILE="../../../../../../Users/tethe/Documents/TerraGrande/Content/ThirdPersonBP/Maps/ThirdPersonExampleMap.umap" TEMPLATE=0 SHOWPROGRESS=1 FEATURELEVEL=3
[2017.07.25-18.03.42:131][  0]LightingResults: New page: Compilação de Iluminação
[2017.07.25-18.03.42:463][  0]MapCheck: New page: Verificação de Mapa
[2017.07.25-18.03.42:463][  0]LightingResults: New page: Compilação de Iluminação
[2017.07.25-18.03.47:222][  0]LogAIModule: Creating AISystem for world ThirdPersonExampleMap
[2017.07.25-18.03.47:964][  0]LogEditorServer: Finished looking for orphan Actors (0.000 secs)
[2017.07.25-18.03.48:003][  0]Cmd: MAP CHECKDEP NOCLEARLOG
[2017.07.25-18.03.48:311][  0]MapCheck: Informações Map check complete: 0 Error(s), 0 Warning(s), took 306,826ms to complete.
[2017.07.25-18.03.48:311][  0]LogFileHelpers: Loading map 'ThirdPersonExampleMap' took 6.244
[2017.07.25-18.03.50:033][  0]LogCollectionManager: Loaded 0 collections in 0.003559 seconds
[2017.07.25-18.03.50:560][  0]LogFileCache: Scanning file cache for directory 'C:/Users/tethe/Documents/TerraGrande/Saved/Collections/' took 0.01s
[2017.07.25-18.03.50:560][  0]LogFileCache: Scanning file cache for directory 'C:/Users/tethe/Documents/TerraGrande/Content/Developers/tethe/Collections/' took 0.01s
[2017.07.25-18.03.50:560][  0]LogFileCache: Scanning file cache for directory 'C:/Users/tethe/Documents/TerraGrande/Content/Collections/' took 0.01s
[2017.07.25-18.03.50:560][  0]LogCollectionManager: Rebuilt the GUID cache for 0 collections in 0.000006 seconds
[2017.07.25-18.03.50:620][  0]LogContentBrowser: Native class hierarchy populated in 0.0568 seconds. Added 2245 classes and 453 folders.
[2017.07.25-18.03.50:957][  0]LogContentBrowser: Native class hierarchy updated for 'WidgetCarousel' in 0.0006 seconds. Added 0 classes and 0 folders.
[2017.07.25-18.03.52:317][  0]LogContentBrowser: Native class hierarchy updated for 'AddContentDialog' in 0.0018 seconds. Added 0 classes and 0 folders.
[2017.07.25-18.03.52:699][  0]LogContentBrowser: Native class hierarchy updated for 'SceneOutliner' in 0.0021 seconds. Added 1 classes and 2 folders.
[2017.07.25-18.03.53:550][  0]LogCrashTracker: Crashtracker disabled due to settings.
[2017.07.25-18.03.53:719][  0]LogUObjectGlobals:Warning: Falha ao encontrar objeto “Class Nenhum.”
[2017.07.25-18.03.53:888][  0]LogContentBrowser: Native class hierarchy updated for 'HierarchicalLODOutliner' in 0.0007 seconds. Added 1 classes and 2 folders.
[2017.07.25-18.03.53:888][  0]LogLoad: (Engine Initialization) Total time: 63.51 seconds
[2017.07.25-18.03.53:888][  0]LogLoad: (Engine Initialization) Total Blueprint compile time: 0.97 seconds
[2017.07.25-18.03.53:888][  0]LogExternalProfiler: No external profilers were discovered.  External profiling features will not be available.
[2017.07.25-18.03.53:898][  0]LogWindowsTextInputMethodSystem:Display: IME system now deactivated.
[2017.07.25-18.03.53:901][  0]LogOcInput: OculusInput pre-init called
[2017.07.25-18.03.54:066][  0]LogContentStreaming: Texture pool size now 400 MB
[2017.07.25-18.03.54:071][  0]LogSlate: Took 0.001871 seconds to synchronously load lazily loaded font '../../../Engine/Content/Slate/Fonts/Roboto-Regular.ttf' (155K)
[2017.07.25-18.03.54:087][  0]LogSlate: Took 0.002042 seconds to synchronously load lazily loaded font '../../../Engine/Content/Slate/Fonts/Roboto-Bold.ttf' (160K)
[2017.07.25-18.03.54:173][  0]LogSlate: Took 0.012145 seconds to synchronously load lazily loaded font '../../../Engine/Content/Editor/Slate/Fonts/FontAwesome.ttf' (139K)
[2017.07.25-18.03.55:767][  0]LogRenderer: Reallocating scene render targets to support 976x404 NumSamples 1 (Frame:2).
[2017.07.25-18.03.58:610][  3]LogAssetRegistry: Asset discovery search completed in 49.5113 seconds
[2017.07.25-18.03.58:611][  3]LogCollectionManager: Rebuilt the object cache for 0 collections in 0.000013 seconds (found 0 objects)
[2017.07.25-18.03.58:611][  3]LogCollectionManager: Fixed up redirectors for 0 collections in 0.000060 seconds (updated 0 objects)
[2017.07.25-18.03.59:769][ 21]LogSlate: Took 0.013017 seconds to synchronously load lazily loaded font '../../../Engine/Content/Slate/Fonts/Roboto-Light.ttf' (159K)
[2017.07.25-18.04.08:437][257]Cmd: MAP LOAD FILE="../../../../../../Users/tethe/Documents/TerraGrande/Content/ThirdPersonBP/Maps/Ilha1.umap" TEMPLATE=0 SHOWPROGRESS=1 FEATURELEVEL=3
[2017.07.25-18.04.08:564][257]LogSlate: Took 0.000722 seconds to synchronously load lazily loaded font '../../../Engine/Content/Slate/Fonts/Roboto-Light.ttf' (159K)
[2017.07.25-18.04.08:610][257]LightingResults: New page: Compilação de Iluminação
[2017.07.25-18.04.08:617][257]LoadErrors: New page: Carregando mapa: Ilha1.umap
[2017.07.25-18.04.08:686][257]MapCheck: New page: Verificação de Mapa
[2017.07.25-18.04.08:686][257]LightingResults: New page: Compilação de Iluminação
[2017.07.25-18.04.10:377][257]LogSlate: Took 0.000843 seconds to synchronously load lazily loaded font '../../../Engine/Content/Slate/Fonts/Roboto-Regular.ttf' (155K)
[2017.07.25-18.04.12:537][257]LogAIModule: Creating AISystem for world Ilha1
[2017.07.25-18.04.14:251][257]LogEditorServer: Finished looking for orphan Actors (0.000 secs)
[2017.07.25-18.04.14:353][257]Cmd: MAP CHECKDEP NOCLEARLOG
[2017.07.25-18.04.14:620][257]MapCheck: Informações Map check complete: 0 Error(s), 0 Warning(s), took 267,178ms to complete.
[2017.07.25-18.04.14:620][257]LogFileHelpers: Loading map 'Ilha1' took 6.203
[2017.07.25-18.13.00:631][373]LogTemp: Repeting last play command: Selected Viewport
[2017.07.25-18.13.00:709][373]LogPlayLevel: PlayLevel: No blueprints needed recompiling
[2017.07.25-18.13.00:773][373]PIE: New page: Sessão de PIE : Ilha1 (25/07/2017 12:13:00)
[2017.07.25-18.13.00:824][373]LogPlayLevel: Creating play world package: /Game/ThirdPersonBP/Maps/UEDPIE_0_Ilha1
[2017.07.25-18.13.00:928][373]LogPlayLevel: PIE: StaticDuplicateObject took: (0.103818s)
[2017.07.25-18.13.00:929][373]LogAIModule: Creating AISystem for world Ilha1
[2017.07.25-18.13.00:929][373]LogPlayLevel: PIE: World Init took: (0.000880s)
[2017.07.25-18.13.00:941][373]LogPlayLevel: PIE: Created PIE world by copying editor world from /Game/ThirdPersonBP/Maps/Ilha1.Ilha1 to /Game/ThirdPersonBP/Maps/UEDPIE_0_Ilha1.Ilha1 (0.138553s)
[2017.07.25-18.13.01:050][373]LogInit: XAudio2 using 'Alto-falantes (Realtek High Definition Audio)' : 2 channels at 48 kHz using 32 bits per sample (channel mask 0x3)
[2017.07.25-18.13.01:066][373]LogInit: FAudioDevice initialized.
[2017.07.25-18.13.01:467][373]LogLoad: Game class is 'ThirdPersonGameMode_C'
[2017.07.25-18.13.01:651][373]LogWorld: Bringing World /Game/ThirdPersonBP/Maps/UEDPIE_0_Ilha1.Ilha1 up for play (max tick rate 60) at 2017.07.25-15.13.01
[2017.07.25-18.13.01:763][373]LogWorld: Bringing up level for play took: 0.116180
[2017.07.25-18.13.02:485][373]LogContentBrowser: Native class hierarchy updated for 'MovieSceneCapture' in 0.0008 seconds. Added 11 classes and 0 folders.
[2017.07.25-18.13.02:773][373]PIE: Informações Momento de início de reprodução no editor para /Game/ThirdPersonBP/Maps/UEDPIE_0_Ilha1 1,298
[2017.07.25-18.17.48:626][310]LogMaterial: 0.00 seconds spent updating 1 materials, 1 interfaces, 0 instances, 1 with static permutations.
[2017.07.25-18.17.48:696][310]LogMaterial: 0.00 seconds spent updating 1 materials, 1 interfaces, 0 instances, 1 with static permutations.
[2017.07.25-18.17.48:713][310]LogMaterial: 0.00 seconds spent updating 1 materials, 1 interfaces, 0 instances, 1 with static permutations.
[2017.07.25-18.17.48:730][310]LogMaterial: 0.00 seconds spent updating 1 materials, 1 interfaces, 0 instances, 1 with static permutations.
[2017.07.25-18.17.48:775][310]LogTexture:Display: Building textures: Texture2D_2 (G8, 128X128) - 88 MB total VRAM
